#
# A fatal error has been detected by the Java Runtime Environment:
#
#  SIGSEGV (0xb) at pc=0x00007fff202c44af, pid=87864, tid=0x0000000000000f03
#
# JRE version: Java(TM) SE Runtime Environment (8.0_271-b09) (build 1.8.0_271-b09)
# Java VM: Java HotSpot(TM) 64-Bit Server VM (25.271-b09 mixed mode bsd-amd64 compressed oops)
# Problematic frame:
# C  [libobjc.A.dylib+0x84af]  objc_release+0x1f
#
# Failed to write core dump. Core dumps have been disabled. To enable core dumping, try "ulimit -c unlimited" before starting Java again
#
# If you would like to submit a bug report, please visit:
#   http://bugreport.java.com/bugreport/crash.jsp
# The crash happened outside the Java Virtual Machine in native code.
# See problematic frame for where to report the bug.
#

---------------  T H R E A D  ---------------

Current thread (0x00007f9be6809000):  JavaThread "main" [_thread_in_native, id=3843, stack(0x000070000727d000,0x000070000737d000)]

siginfo: si_signo: 11 (SIGSEGV), si_code: 1 (SEGV_MAPERR), si_addr: 0x0000000000000020

Registers:
RAX=0x0000000000000000, RBX=0x0000000000000001, RCX=0x0000000000000000, RDX=0x0000000000000009
RSP=0x000070000737c4a8, RBP=0x000070000737c4e0, RSI=0x00007f9be8440890, RDI=0x00007f9be654fba0
R8 =0x00007f9bea92a8c8, R9 =0x0000000000000000, R10=0x00007f9be6548ae0, R11=0x00007fff22cefb3a
R12=0x00007f9be654fba0, R13=0xa3a3a3a3a3a3a3a3, R14=0x00007f9be6826078, R15=0x00007f9be6826000
RIP=0x00007fff202c44af, EFLAGS=0x0000000000010246, ERR=0x0000000000000004
  TRAPNO=0x000000000000000e

Top of Stack: (sp=0x000070000737c4a8)
0x000070000737c4a8:   00007fff202e220f c5b95a3319340000
0x000070000737c4b8:   00007f9be6826000 00007f9be6728860
0x000070000737c4c8:   000000011296a308 00007fff7bb1bfbf
0x000070000737c4d8:   00007f9be68091f8 000070000737c500
0x000070000737c4e8:   00007fff202c4e30 c5b95a3319340051
0x000070000737c4f8:   00007f9be6826078 000070000737c520
0x000070000737c508:   00007fff204dea66 c5b95a3319340051
0x000070000737c518:   00007f9be6728860 000070000737c560
0x000070000737c528:   00007fff2126a123 00007fff873360d8
0x000070000737c538:   0000000000000000 00007f9be84444e0
0x000070000737c548:   c5b95a3319340051 00007f9be84404b0
0x000070000737c558:   00007f9be8428a30 000070000737c590
0x000070000737c568:   0000000137f0ecce 000000011296a310
0x000070000737c578:   0000000000000000 000070000737c618
0x000070000737c588:   00007f9be6809000 000070000737c5f0
0x000070000737c598:   000000011e8186c7 000000076b7e7910
0x000070000737c5a8:   000000011e8183e2 000070000737c5b0
0x000070000737c5b8:   000000011296a308 000070000737c618
0x000070000737c5c8:   000000011296a870 0000000000000000
0x000070000737c5d8:   000000011296a310 0000000000000000
0x000070000737c5e8:   000070000737c610 000070000737c660
0x000070000737c5f8:   000000011e8082bd 000000076b8d4c68
0x000070000737c608:   000000011e811d18 000000076b8e9398
0x000070000737c618:   000000076b7e7910 000070000737c620
0x000070000737c628:   000000011296a20f 000070000737c690
0x000070000737c638:   000000011296a870 0000000000000000
0x000070000737c648:   000000011296a280 000070000737c610
0x000070000737c658:   000070000737c680 000070000737c6e8
0x000070000737c668:   000000011e808302 0000000000000000
0x000070000737c678:   000000076b7e7910 000000076b8e9398
0x000070000737c688:   000000076b7e7858 000000076b8d4cf8
0x000070000737c698:   0000000000000001 000000076b8d4d08 

Instructions: (pc=0x00007fff202c44af)
0x00007fff202c448f:   90 48 85 ff 74 76 89 f8 83 e0 01 48 85 c0 75 6c
0x00007fff202c449f:   48 8b 07 48 b9 f8 ff ff ff ff 7f 00 00 48 21 c1
0x00007fff202c44af:   48 8b 51 20 f6 c2 04 74 54 a8 01 74 6f 48 b9 00
0x00007fff202c44bf:   00 00 00 00 00 80 00 48 ba 00 00 00 00 00 00 00 

Register to memory mapping:

RAX=0x0000000000000000 is an unknown value
RBX=0x0000000000000001 is an unknown value
RCX=0x0000000000000000 is an unknown value
RDX=0x0000000000000009 is an unknown value
RSP=0x000070000737c4a8 is pointing into the stack for thread: 0x00007f9be6809000
RBP=0x000070000737c4e0 is pointing into the stack for thread: 0x00007f9be6809000
RSI=0x00007f9be8440890 is an unknown value
RDI=0x00007f9be654fba0 is an unknown value
R8 =0x00007f9bea92a8c8 is an unknown value
R9 =0x0000000000000000 is an unknown value
R10=0x00007f9be6548ae0 is an unknown value
R11=0x00007fff22cefb3a: -[NSResponder release]+0 in /System/Library/Frameworks/AppKit.framework/Versions/C/AppKit at 0x00007fff22ce4000
R12=0x00007f9be654fba0 is an unknown value
R13=0xa3a3a3a3a3a3a3a3 is an unknown value
R14=0x00007f9be6826078 is an unknown value
R15=0x00007f9be6826000 is an unknown value


Stack: [0x000070000727d000,0x000070000737d000],  sp=0x000070000737c4a8,  free space=1021k
Native frames: (J=compiled Java code, j=interpreted, Vv=VM code, C=native code)
C  [libobjc.A.dylib+0x84af]  objc_release+0x1f
C  [libobjc.A.dylib+0x8e30]  objc_autoreleasePoolPop+0xa1
C  [CoreFoundation+0x42a66]  _CFAutoreleasePoolPop+0x16
C  [Foundation+0x1f123]  -[NSAutoreleasePool release]+0x83
C  [liblwjgl.dylib+0x16cce]  Java_org_lwjgl_opengl_MacOSXContextImplementation_setView+0x10e
j  org.lwjgl.opengl.MacOSXContextImplementation.setView(Ljava/nio/ByteBuffer;Ljava/nio/ByteBuffer;)V+0
j  org.lwjgl.opengl.MacOSXContextImplementation.makeCurrent(Lorg/lwjgl/opengl/PeerInfo;Ljava/nio/ByteBuffer;)V+7
j  org.lwjgl.opengl.ContextGL.makeCurrent()V+46
j  org.lwjgl.opengl.DrawableGL.makeCurrent()V+14
j  org.lwjgl.opengl.Display.makeCurrent()V+3
j  org.lwjgl.opengl.Display.makeCurrentAndSetSwapInterval()V+0
j  org.lwjgl.opengl.Display.create(Lorg/lwjgl/opengl/PixelFormat;Lorg/lwjgl/opengl/Drawable;Lorg/lwjgl/opengl/ContextAttribs;)V+108
j  org.lwjgl.opengl.Display.create(Lorg/lwjgl/opengl/PixelFormat;)V+12
j  org.lwjgl.opengl.Display.create()V+7
j  MainWindow.start()V+24
j  MainWindow.main([Ljava/lang/String;)V+9
v  ~StubRoutines::call_stub
V  [libjvm.dylib+0x2d4795]  JavaCalls::call_helper(JavaValue*, methodHandle*, JavaCallArguments*, Thread*)+0x771
V  [libjvm.dylib+0x30582b]  jni_invoke_static(JNIEnv_*, JavaValue*, _jobject*, JNICallType, _jmethodID*, JNI_ArgumentPusher*, Thread*)+0x279
V  [libjvm.dylib+0x308edb]  jni_CallStaticVoidMethod+0x1f6
C  [java+0x316c]  JavaMain+0x9dc
C  [libsystem_pthread.dylib+0x68fc]  _pthread_start+0xe0
C  [libsystem_pthread.dylib+0x2443]  thread_start+0xf
C  0x0000000000000000

Java frames: (J=compiled Java code, j=interpreted, Vv=VM code)
j  org.lwjgl.opengl.MacOSXContextImplementation.setView(Ljava/nio/ByteBuffer;Ljava/nio/ByteBuffer;)V+0
j  org.lwjgl.opengl.MacOSXContextImplementation.makeCurrent(Lorg/lwjgl/opengl/PeerInfo;Ljava/nio/ByteBuffer;)V+7
j  org.lwjgl.opengl.ContextGL.makeCurrent()V+46
j  org.lwjgl.opengl.DrawableGL.makeCurrent()V+14
j  org.lwjgl.opengl.Display.makeCurrent()V+3
j  org.lwjgl.opengl.Display.makeCurrentAndSetSwapInterval()V+0
j  org.lwjgl.opengl.Display.create(Lorg/lwjgl/opengl/PixelFormat;Lorg/lwjgl/opengl/Drawable;Lorg/lwjgl/opengl/ContextAttribs;)V+108
j  org.lwjgl.opengl.Display.create(Lorg/lwjgl/opengl/PixelFormat;)V+12
j  org.lwjgl.opengl.Display.create()V+7
j  MainWindow.start()V+24
j  MainWindow.main([Ljava/lang/String;)V+9
v  ~StubRoutines::call_stub

---------------  P R O C E S S  ---------------

Java Threads: ( => current thread )
  0x00007f9be98d5800 JavaThread "Attach Listener" daemon [_thread_blocked, id=71695, stack(0x00007000098fb000,0x00007000099fb000)]
  0x00007f9bea8eb800 JavaThread "AWT-Shutdown" [_thread_blocked, id=34587, stack(0x00007000094e6000,0x00007000095e6000)]
  0x00007f9be8895000 JavaThread "AppKit Thread" daemon [_thread_in_native, id=259, stack(0x00007ffedf83d000,0x00007ffee003d000)]
  0x00007f9be6827000 JavaThread "Service Thread" daemon [_thread_blocked, id=39683, stack(0x00007000092e0000,0x00007000093e0000)]
  0x00007f9bea834000 JavaThread "C1 CompilerThread11" daemon [_thread_blocked, id=40195, stack(0x00007000091dd000,0x00007000092dd000)]
  0x00007f9be91c3000 JavaThread "C1 CompilerThread10" daemon [_thread_blocked, id=24067, stack(0x00007000090da000,0x00007000091da000)]
  0x00007f9be782c000 JavaThread "C1 CompilerThread9" daemon [_thread_blocked, id=23811, stack(0x0000700008fd7000,0x00007000090d7000)]
  0x00007f9be782b800 JavaThread "C1 CompilerThread8" daemon [_thread_blocked, id=23555, stack(0x0000700008ed4000,0x0000700008fd4000)]
  0x00007f9be782a800 JavaThread "C2 CompilerThread7" daemon [_thread_blocked, id=23299, stack(0x0000700008dd1000,0x0000700008ed1000)]
  0x00007f9be782a000 JavaThread "C2 CompilerThread6" daemon [_thread_blocked, id=22787, stack(0x0000700008cce000,0x0000700008dce000)]
  0x00007f9bea833000 JavaThread "C2 CompilerThread5" daemon [_thread_blocked, id=41731, stack(0x0000700008bcb000,0x0000700008ccb000)]
  0x00007f9be701d800 JavaThread "C2 CompilerThread4" daemon [_thread_blocked, id=42243, stack(0x0000700008ac8000,0x0000700008bc8000)]
  0x00007f9be7821000 JavaThread "C2 CompilerThread3" daemon [_thread_blocked, id=22531, stack(0x00007000089c5000,0x0000700008ac5000)]
  0x00007f9be6823000 JavaThread "C2 CompilerThread2" daemon [_thread_blocked, id=22275, stack(0x00007000088c2000,0x00007000089c2000)]
  0x00007f9be7820800 JavaThread "C2 CompilerThread1" daemon [_thread_blocked, id=22019, stack(0x00007000087bf000,0x00007000088bf000)]
  0x00007f9be915f800 JavaThread "C2 CompilerThread0" daemon [_thread_blocked, id=21763, stack(0x00007000086bc000,0x00007000087bc000)]
  0x00007f9be915d000 JavaThread "Monitor Ctrl-Break" daemon [_thread_in_native, id=15619, stack(0x00007000085b9000,0x00007000086b9000)]
  0x00007f9be901b800 JavaThread "Signal Dispatcher" daemon [_thread_blocked, id=16131, stack(0x00007000084b6000,0x00007000085b6000)]
  0x00007f9be701b800 JavaThread "Finalizer" daemon [_thread_blocked, id=13571, stack(0x00007000082ad000,0x00007000083ad000)]
  0x00007f9be7019000 JavaThread "Reference Handler" daemon [_thread_blocked, id=18435, stack(0x00007000081aa000,0x00007000082aa000)]
=>0x00007f9be6809000 JavaThread "main" [_thread_in_native, id=3843, stack(0x000070000727d000,0x000070000737d000)]

Other Threads:
  0x00007f9be7012800 VMThread [stack: 0x00007000080a7000,0x00007000081a7000] [id=18691]
  0x00007f9be982e000 WatcherThread [stack: 0x00007000093e3000,0x00007000094e3000] [id=39171]

VM state:not at safepoint (normal execution)

VM Mutex/Monitor currently owned by a thread: None

heap address: 0x00000006c0000000, size: 4096 MB, Compressed Oops mode: Zero based, Oop shift amount: 3
Narrow klass base: 0x0000000000000000, Narrow klass shift: 3
Compressed class space size: 1073741824 Address: 0x00000007c0000000

Heap:
 PSYoungGen      total 76288K, used 17089K [0x000000076ab00000, 0x0000000770000000, 0x00000007c0000000)
  eden space 65536K, 26% used [0x000000076ab00000,0x000000076bbb0610,0x000000076eb00000)
  from space 10752K, 0% used [0x000000076f580000,0x000000076f580000,0x0000000770000000)
  to   space 10752K, 0% used [0x000000076eb00000,0x000000076eb00000,0x000000076f580000)
 ParOldGen       total 175104K, used 0K [0x00000006c0000000, 0x00000006cab00000, 0x000000076ab00000)
  object space 175104K, 0% used [0x00000006c0000000,0x00000006c0000000,0x00000006cab00000)
 Metaspace       used 5995K, capacity 6194K, committed 6400K, reserved 1056768K
  class space    used 667K, capacity 729K, committed 768K, reserved 1048576K

Card table byte_map: [0x0000000110e90000,0x0000000111691000] byte_map_base: 0x000000010d890000

Marking Bits: (ParMarkBitMap*) 0x000000011032a768
 Begin Bits: [0x000000012d800000, 0x0000000131800000)
 End Bits:   [0x0000000131800000, 0x0000000135800000)

Polling page: 0x0000000110a53000

CodeCache: size=245760Kb used=3812Kb max_used=3813Kb free=241947Kb
 bounds [0x000000011e800000, 0x000000011ebc0000, 0x000000012d800000]
 total_blobs=732 nmethods=428 adapters=215
 compilation: enabled

Compilation events (10 events):
Event: 1.725 Thread 0x00007f9be782b800  425       3       java.nio.Buffer::remaining (10 bytes)
Event: 1.725 Thread 0x00007f9bea834000  424       3       java.lang.Integer::valueOf (32 bytes)
Event: 1.725 Thread 0x00007f9be782b800 nmethod 425 0x000000011ebb9590 code [0x000000011ebb96e0, 0x000000011ebb9830]
Event: 1.725 Thread 0x00007f9be91c3000  426       3       java.lang.ClassLoader::loadClass (7 bytes)
Event: 1.726 Thread 0x00007f9bea834000 nmethod 424 0x000000011ebb8f10 code [0x000000011ebb90a0, 0x000000011ebb93f0]
Event: 1.726 Thread 0x00007f9be91c3000 nmethod 426 0x000000011ebb8b10 code [0x000000011ebb8c80, 0x000000011ebb8e88]
Event: 1.728 Thread 0x00007f9be782c000  427       3       sun.misc.Launcher$AppClassLoader::loadClass (85 bytes)
Event: 1.728 Thread 0x00007f9bea834000  428  s    3       sun.misc.URLClassPath::knownToNotExist (24 bytes)
Event: 1.728 Thread 0x00007f9bea834000 nmethod 428 0x000000011ebb8510 code [0x000000011ebb8680, 0x000000011ebb8a48]
Event: 1.728 Thread 0x00007f9be782c000 nmethod 427 0x000000011ebb7110 code [0x000000011ebb7340, 0x000000011ebb8068]

GC Heap History (0 events):
No events

Deoptimization events (0 events):
No events

Classes redefined (0 events):
No events

Internal exceptions (10 events):
Event: 0.031 Thread 0x00007f9be6809000 Exception <a 'java/lang/NoSuchMethodError': Method sun.misc.Unsafe.defineClass(Ljava/lang/String;[BII)Ljava/lang/Class; name or signature does not match> (0x000000076ab07cc0) thrown at [/jenkins/workspace/8-2-build-macosx-x86_64/jdk8u271/605/hotspot/src/s
Event: 0.031 Thread 0x00007f9be6809000 Exception <a 'java/lang/NoSuchMethodError': Method sun.misc.Unsafe.prefetchRead(Ljava/lang/Object;J)V name or signature does not match> (0x000000076ab07fa8) thrown at [/jenkins/workspace/8-2-build-macosx-x86_64/jdk8u271/605/hotspot/src/share/vm/prims/jni.
Event: 0.136 Thread 0x00007f9be6809000 Exception <a 'java/security/PrivilegedActionException'> (0x000000076ae44a68) thrown at [/jenkins/workspace/8-2-build-macosx-x86_64/jdk8u271/605/hotspot/src/share/vm/prims/jvm.cpp, line 1512]
Event: 0.136 Thread 0x00007f9be6809000 Exception <a 'java/security/PrivilegedActionException'> (0x000000076ae44c78) thrown at [/jenkins/workspace/8-2-build-macosx-x86_64/jdk8u271/605/hotspot/src/share/vm/prims/jvm.cpp, line 1512]
Event: 0.136 Thread 0x00007f9be6809000 Exception <a 'java/security/PrivilegedActionException'> (0x000000076ae48190) thrown at [/jenkins/workspace/8-2-build-macosx-x86_64/jdk8u271/605/hotspot/src/share/vm/prims/jvm.cpp, line 1512]
Event: 0.136 Thread 0x00007f9be6809000 Exception <a 'java/security/PrivilegedActionException'> (0x000000076ae483a0) thrown at [/jenkins/workspace/8-2-build-macosx-x86_64/jdk8u271/605/hotspot/src/share/vm/prims/jvm.cpp, line 1512]
Event: 0.175 Thread 0x00007f9be6809000 Exception <a 'java/lang/NoSuchFieldError': method resolution failed> (0x000000076b35cef0) thrown at [/jenkins/workspace/8-2-build-macosx-x86_64/jdk8u271/605/hotspot/src/share/vm/prims/methodHandles.cpp, line 1169]
Event: 0.177 Thread 0x00007f9be6809000 Exception <a 'java/lang/NoSuchFieldError': method resolution failed> (0x000000076b36aee0) thrown at [/jenkins/workspace/8-2-build-macosx-x86_64/jdk8u271/605/hotspot/src/share/vm/prims/methodHandles.cpp, line 1169]
Event: 0.508 Thread 0x00007f9be6809000 Exception <a 'java/io/FileNotFoundException'> (0x000000076b558348) thrown at [/jenkins/workspace/8-2-build-macosx-x86_64/jdk8u271/605/hotspot/src/share/vm/prims/jni.cpp, line 710]
Event: 0.508 Thread 0x00007f9be6809000 Exception <a 'java/io/FileNotFoundException'> (0x000000076b558ed0) thrown at [/jenkins/workspace/8-2-build-macosx-x86_64/jdk8u271/605/hotspot/src/share/vm/prims/jni.cpp, line 710]

Events (10 events):
Event: 1.726 loading class org/lwjgl/opengl/ContextImplementation
Event: 1.726 loading class org/lwjgl/opengl/ContextImplementation done
Event: 1.727 loading class org/lwjgl/opengl/MacOSXContextImplementation
Event: 1.727 loading class org/lwjgl/opengl/MacOSXContextImplementation done
Event: 1.727 loading class org/lwjgl/opengl/GLContext
Event: 1.727 loading class org/lwjgl/opengl/GLContext done
Event: 1.728 loading class java/lang/NumberFormatException
Event: 1.728 loading class java/lang/NumberFormatException done
Event: 1.729 loading class org/lwjgl/opengl/GLContext$CapabilitiesCacheEntry
Event: 1.729 loading class org/lwjgl/opengl/GLContext$CapabilitiesCacheEntry done


Dynamic libraries:
0x00007fff34f6e000 	/System/Library/Frameworks/Cocoa.framework/Versions/A/Cocoa
0x00007fff222b3000 	/System/Library/Frameworks/Security.framework/Versions/A/Security
0x00007fff33176000 	/System/Library/Frameworks/ApplicationServices.framework/Versions/A/ApplicationServices
0x00007fff2a535000 	/usr/lib/libz.1.dylib
0x00007fff2a5fd000 	/usr/lib/libSystem.B.dylib
0x00007fff2049c000 	/System/Library/Frameworks/CoreFoundation.framework/Versions/A/CoreFoundation
0x00007fff2124b000 	/System/Library/Frameworks/Foundation.framework/Versions/C/Foundation
0x00007fff202bc000 	/usr/lib/libobjc.A.dylib
0x00007fff22ce4000 	/System/Library/Frameworks/AppKit.framework/Versions/C/AppKit
0x00007fff25ba8000 	/System/Library/Frameworks/CoreData.framework/Versions/A/CoreData
0x00007fff23a30000 	/System/Library/PrivateFrameworks/UIFoundation.framework/Versions/A/UIFoundation
0x00007fff2fc30000 	/System/Library/PrivateFrameworks/RemoteViewServices.framework/Versions/A/RemoteViewServices
0x00007fff28a41000 	/System/Library/PrivateFrameworks/XCTTargetBootstrap.framework/Versions/A/XCTTargetBootstrap
0x00007fff2b726000 	/usr/lib/libspindump.dylib
0x00007fff23c7f000 	/System/Library/Frameworks/UniformTypeIdentifiers.framework/Versions/A/UniformTypeIdentifiers
0x00007fff27245000 	/usr/lib/libapp_launch_measurement.dylib
0x00007fff27248000 	/System/Library/PrivateFrameworks/CoreAutoLayout.framework/Versions/A/CoreAutoLayout
0x00007fff283a8000 	/System/Library/Frameworks/Metal.framework/Versions/A/Metal
0x00007fff2909e000 	/usr/lib/liblangid.dylib
0x00007fff28a45000 	/System/Library/PrivateFrameworks/CoreSVG.framework/Versions/A/CoreSVG
0x00007fff24cbf000 	/System/Library/PrivateFrameworks/SkyLight.framework/Versions/A/SkyLight
0x00007fff25025000 	/System/Library/Frameworks/CoreGraphics.framework/Versions/A/CoreGraphics
0x00007fff30157000 	/System/Library/Frameworks/Accelerate.framework/Versions/A/Accelerate
0x00007fff2b164000 	/System/Library/PrivateFrameworks/IconServices.framework/Versions/A/IconServices
0x00007fff2838c000 	/System/Library/Frameworks/IOSurface.framework/Versions/A/IOSurface
0x00007fff26530000 	/usr/lib/libDiagnosticMessagesClient.dylib
0x00007fff28a2d000 	/System/Library/PrivateFrameworks/DFRFoundation.framework/Versions/A/DFRFoundation
0x00007fff2260b000 	/usr/lib/libicucore.A.dylib
0x00007fff2cc6f000 	/System/Library/Frameworks/AudioToolbox.framework/Versions/A/AudioToolbox
0x00007fff2bef7000 	/System/Library/PrivateFrameworks/DataDetectorsCore.framework/Versions/A/DataDetectorsCore
0x00007fff24c32000 	/usr/lib/libMobileGestalt.dylib
0x00007fff28731000 	/System/Library/Frameworks/Carbon.framework/Versions/A/Frameworks/HIToolbox.framework/Versions/A/HIToolbox
0x00007fff26c8a000 	/System/Library/Frameworks/QuartzCore.framework/Versions/A/QuartzCore
0x00007fff2fc68000 	/System/Library/Frameworks/Carbon.framework/Versions/A/Frameworks/SpeechRecognition.framework/Versions/A/SpeechRecognition
0x00007fff26faa000 	/System/Library/PrivateFrameworks/CoreUI.framework/Versions/A/CoreUI
0x00007fff21c21000 	/System/Library/Frameworks/CoreAudio.framework/Versions/A/CoreAudio
0x00007fff2661b000 	/System/Library/Frameworks/DiskArbitration.framework/Versions/A/DiskArbitration
0x00007fff2baf4000 	/System/Library/PrivateFrameworks/MultitouchSupport.framework/Versions/A/MultitouchSupport
0x00007fff2beee000 	/System/Library/PrivateFrameworks/InternationalSupport.framework/Versions/A/InternationalSupport
0x00007fff24c31000 	/usr/lib/libenergytrace.dylib
0x00007fff22bdb000 	/System/Library/Frameworks/IOKit.framework/Versions/A/IOKit
0x00007fff2ff9b000 	/System/Library/Frameworks/CoreServices.framework/Versions/A/CoreServices
0x00007fff271d7000 	/System/Library/PrivateFrameworks/PerformanceAnalysis.framework/Versions/A/PerformanceAnalysis
0x00007fff6bb06000 	/System/Library/Frameworks/OpenGL.framework/Versions/A/OpenGL
0x00007fff2bf72000 	/System/Library/PrivateFrameworks/UserActivity.framework/Versions/A/UserActivity
0x00007fff256af000 	/System/Library/Frameworks/ColorSync.framework/Versions/A/ColorSync
0x00007fff28cac000 	/System/Library/Frameworks/CoreImage.framework/Versions/A/CoreImage
0x00007fff21a3b000 	/System/Library/Frameworks/CoreText.framework/Versions/A/CoreText
0x00007fff28a6f000 	/System/Library/Frameworks/ImageIO.framework/Versions/A/ImageIO
0x00007fff2a603000 	/System/Library/PrivateFrameworks/SoftLinking.framework/Versions/A/SoftLinking
0x00007fff27290000 	/usr/lib/libxml2.2.dylib
0x00007fff20382000 	/usr/lib/libc++.1.dylib
0x00007fff2a874000 	/usr/lib/libcompression.dylib
0x00007fff2be20000 	/System/Library/PrivateFrameworks/TextureIO.framework/Versions/A/TextureIO
0x00007fff2aea3000 	/usr/lib/libate.dylib
0x00007fff2a5f7000 	/usr/lib/system/libcache.dylib
0x00007fff2a5b3000 	/usr/lib/system/libcommonCrypto.dylib
0x00007fff2a5dd000 	/usr/lib/system/libcompiler_rt.dylib
0x00007fff2a5d2000 	/usr/lib/system/libcopyfile.dylib
0x00007fff201ac000 	/usr/lib/system/libcorecrypto.dylib
0x00007fff20277000 	/usr/lib/system/libdispatch.dylib
0x00007fff2042a000 	/usr/lib/system/libdyld.dylib
0x00007fff2a5ee000 	/usr/lib/system/libkeymgr.dylib
0x00007fff2da06000 	/usr/lib/system/liblaunch.dylib
0x00007fff2a591000 	/usr/lib/system/libmacho.dylib
0x00007fff29d89000 	/usr/lib/system/libquarantine.dylib
0x00007fff2a5eb000 	/usr/lib/system/libremovefile.dylib
0x00007fff24c8f000 	/usr/lib/system/libsystem_asl.dylib
0x00007fff2015c000 	/usr/lib/system/libsystem_blocks.dylib
0x00007fff202f9000 	/usr/lib/system/libsystem_c.dylib
0x00007fff2a5e5000 	/usr/lib/system/libsystem_collections.dylib
0x00007fff2908f000 	/usr/lib/system/libsystem_configuration.dylib
0x00007fff2837b000 	/usr/lib/system/libsystem_containermanager.dylib
0x00007fff2a334000 	/usr/lib/system/libsystem_coreservices.dylib
0x00007fff2286b000 	/usr/lib/system/libsystem_darwin.dylib
0x00007fff2a5ef000 	/usr/lib/system/libsystem_dnssd.dylib
0x00007fff202f6000 	/usr/lib/system/libsystem_featureflags.dylib
0x00007fff20470000 	/usr/lib/system/libsystem_info.dylib
0x00007fff2a548000 	/usr/lib/system/libsystem_m.dylib
0x00007fff2024a000 	/usr/lib/system/libsystem_malloc.dylib
0x00007fff24c22000 	/usr/lib/system/libsystem_networkextension.dylib
0x00007fff22c8a000 	/usr/lib/system/libsystem_notify.dylib
0x00007fff2fe9d000 	/usr/lib/system/libsystem_product_info_filter.dylib
0x00007fff29093000 	/usr/lib/system/libsystem_sandbox.dylib
0x00007fff2a5e8000 	/usr/lib/system/libsystem_secinit.dylib
0x00007fff203ee000 	/usr/lib/system/libsystem_kernel.dylib
0x00007fff20466000 	/usr/lib/system/libsystem_platform.dylib
0x00007fff2041e000 	/usr/lib/system/libsystem_pthread.dylib
0x00007fff2636c000 	/usr/lib/system/libsystem_symptoms.dylib
0x00007fff20194000 	/usr/lib/system/libsystem_trace.dylib
0x00007fff2a5bf000 	/usr/lib/system/libunwind.dylib
0x00007fff2015e000 	/usr/lib/system/libxpc.dylib
0x00007fff203d8000 	/usr/lib/libc++abi.dylib
0x00007fff2a5ca000 	/usr/lib/liboah.dylib
0x00007fff2ac88000 	/usr/lib/liblzma.5.dylib
0x00007fff20f5f000 	/System/Library/Frameworks/SystemConfiguration.framework/Versions/A/SystemConfiguration
0x00007fff2a5ff000 	/usr/lib/libfakelink.dylib
0x00007fff24783000 	/System/Library/Frameworks/CFNetwork.framework/Versions/A/CFNetwork
0x00007fff2a73f000 	/usr/lib/libarchive.2.dylib
0x00007fff20fdd000 	/usr/lib/libCRFSuite.dylib
0x00007fff29db0000 	/usr/lib/libbsm.0.dylib
0x00007fff240fc000 	/usr/lib/libnetwork.dylib
0x00007fff2a604000 	/usr/lib/libpcap.A.dylib
0x00007fff26365000 	/usr/lib/libdns_services.dylib
0x00007fff2aca1000 	/usr/lib/libcoretls_cfhelpers.dylib
0x00007fff2a83e000 	/usr/lib/libapple_nghttp2.dylib
0x00007fff2a597000 	/usr/lib/system/libkxld.dylib
0x00007fff25fde000 	/usr/lib/libsqlite3.dylib
0x00007fff2a317000 	/System/Library/PrivateFrameworks/AppleFSCompression.framework/Versions/A/AppleFSCompression
0x00007fff29d98000 	/usr/lib/libcoretls.dylib
0x00007fff2a86f000 	/usr/lib/libpam.2.dylib
0x00007fff2ad9f000 	/usr/lib/libxar.1.dylib
0x00007fff2909a000 	/System/Library/PrivateFrameworks/AppleSystemInfo.framework/Versions/A/AppleSystemInfo
0x00007fff299da000 	/System/Library/PrivateFrameworks/IOMobileFramebuffer.framework/Versions/A/IOMobileFramebuffer
0x00007fff2a327000 	/usr/lib/libbz2.1.0.dylib
0x00007fff2a63c000 	/usr/lib/libiconv.2.dylib
0x00007fff2a590000 	/usr/lib/libcharset.1.dylib
0x00007fff27213000 	/System/Library/Frameworks/CoreServices.framework/Versions/A/Frameworks/FSEvents.framework/Versions/A/FSEvents
0x00007fff22875000 	/System/Library/Frameworks/CoreServices.framework/Versions/A/Frameworks/CarbonCore.framework/Versions/A/CarbonCore
0x00007fff26580000 	/System/Library/Frameworks/CoreServices.framework/Versions/A/Frameworks/Metadata.framework/Versions/A/Metadata
0x00007fff2a339000 	/System/Library/Frameworks/CoreServices.framework/Versions/A/Frameworks/OSServices.framework/Versions/A/OSServices
0x00007fff2a7b1000 	/System/Library/Frameworks/CoreServices.framework/Versions/A/Frameworks/SearchKit.framework/Versions/A/SearchKit
0x00007fff262f0000 	/System/Library/Frameworks/CoreServices.framework/Versions/A/Frameworks/AE.framework/Versions/A/AE
0x00007fff2093a000 	/System/Library/Frameworks/CoreServices.framework/Versions/A/Frameworks/LaunchServices.framework/Versions/A/LaunchServices
0x00007fff2ac38000 	/System/Library/Frameworks/CoreServices.framework/Versions/A/Frameworks/DictionaryServices.framework/Versions/A/DictionaryServices
0x00007fff27220000 	/System/Library/Frameworks/CoreServices.framework/Versions/A/Frameworks/SharedFileList.framework/Versions/A/SharedFileList
0x00007fff29d8c000 	/usr/lib/libCheckFix.dylib
0x00007fff24ca6000 	/System/Library/PrivateFrameworks/TCC.framework/Versions/A/TCC
0x00007fff290a0000 	/System/Library/PrivateFrameworks/CoreNLP.framework/Versions/A/CoreNLP
0x00007fff26533000 	/System/Library/PrivateFrameworks/MetadataUtilities.framework/Versions/A/MetadataUtilities
0x00007fff21012000 	/usr/lib/libmecabra.dylib
0x00007fff2a096000 	/System/Library/Frameworks/MLCompute.framework/Versions/A/MLCompute
0x00007fff29dc1000 	/usr/lib/libmecab.dylib
0x00007fff29e0b000 	/usr/lib/libgermantok.dylib
0x00007fff2a819000 	/usr/lib/libThaiTokenizer.dylib
0x00007fff2adda000 	/usr/lib/libChineseTokenizer.dylib
0x00007fff2a86d000 	/System/Library/Frameworks/MetalPerformanceShaders.framework/Versions/A/MetalPerformanceShaders
0x00007fff26622000 	/System/Library/Frameworks/Accelerate.framework/Versions/A/Frameworks/vImage.framework/Versions/A/vImage
0x00007fff2ff75000 	/System/Library/Frameworks/Accelerate.framework/Versions/A/Frameworks/vecLib.framework/Versions/A/vecLib
0x00007fff2ade5000 	/System/Library/Frameworks/Accelerate.framework/Versions/A/Frameworks/vecLib.framework/Versions/A/libvMisc.dylib
0x00007fff297f5000 	/System/Library/Frameworks/Accelerate.framework/Versions/A/Frameworks/vecLib.framework/Versions/A/libvDSP.dylib
0x00007fff20c45000 	/System/Library/Frameworks/Accelerate.framework/Versions/A/Frameworks/vecLib.framework/Versions/A/libBLAS.dylib
0x00007fff2a89a000 	/System/Library/Frameworks/Accelerate.framework/Versions/A/Frameworks/vecLib.framework/Versions/A/libLAPACK.dylib
0x00007fff29e11000 	/System/Library/Frameworks/Accelerate.framework/Versions/A/Frameworks/vecLib.framework/Versions/A/libLinearAlgebra.dylib
0x00007fff2a856000 	/System/Library/Frameworks/Accelerate.framework/Versions/A/Frameworks/vecLib.framework/Versions/A/libSparseBLAS.dylib
0x00007fff2a894000 	/System/Library/Frameworks/Accelerate.framework/Versions/A/Frameworks/vecLib.framework/Versions/A/libQuadrature.dylib
0x00007fff2914c000 	/System/Library/Frameworks/Accelerate.framework/Versions/A/Frameworks/vecLib.framework/Versions/A/libBNNS.dylib
0x00007fff20ef0000 	/System/Library/Frameworks/Accelerate.framework/Versions/A/Frameworks/vecLib.framework/Versions/A/libSparse.dylib
0x00007fff29028000 	/System/Library/Frameworks/MetalPerformanceShaders.framework/Versions/A/Frameworks/MPSCore.framework/Versions/A/MPSCore
0x00007fff2a286000 	/System/Library/Frameworks/MetalPerformanceShaders.framework/Versions/A/Frameworks/MPSImage.framework/Versions/A/MPSImage
0x00007fff29e27000 	/System/Library/Frameworks/MetalPerformanceShaders.framework/Versions/A/Frameworks/MPSNeuralNetwork.framework/Versions/A/MPSNeuralNetwork
0x00007fff2a1f8000 	/System/Library/Frameworks/MetalPerformanceShaders.framework/Versions/A/Frameworks/MPSMatrix.framework/Versions/A/MPSMatrix
0x00007fff2a046000 	/System/Library/Frameworks/MetalPerformanceShaders.framework/Versions/A/Frameworks/MPSRayIntersector.framework/Versions/A/MPSRayIntersector
0x00007fff2a22f000 	/System/Library/Frameworks/MetalPerformanceShaders.framework/Versions/A/Frameworks/MPSNDArray.framework/Versions/A/MPSNDArray
0x00007fff20b70000 	/System/Library/PrivateFrameworks/MetalTools.framework/Versions/A/MetalTools
0x00007fff29098000 	/System/Library/PrivateFrameworks/AggregateDictionary.framework/Versions/A/AggregateDictionary
0x00007fff26500000 	/System/Library/PrivateFrameworks/CoreAnalytics.framework/Versions/A/CoreAnalytics
0x00007fff2a81b000 	/System/Library/PrivateFrameworks/AppleSauce.framework/Versions/A/AppleSauce
0x00007fff2839e000 	/System/Library/PrivateFrameworks/IOAccelerator.framework/Versions/A/IOAccelerator
0x00007fff6bafa000 	/System/Library/Frameworks/OpenGL.framework/Versions/A/Libraries/libCoreFSCache.dylib
0x00007fff215aa000 	/System/Library/PrivateFrameworks/LanguageModeling.framework/Versions/A/LanguageModeling
0x00007fff299c8000 	/System/Library/PrivateFrameworks/CoreEmoji.framework/Versions/A/CoreEmoji
0x00007fff29145000 	/System/Library/PrivateFrameworks/LinguisticData.framework/Versions/A/LinguisticData
0x00007fff20ea2000 	/System/Library/PrivateFrameworks/Lexicon.framework/Versions/A/Lexicon
0x00007fff2a72d000 	/usr/lib/libcmph.dylib
0x00007fff271f3000 	/System/Library/Frameworks/OpenDirectory.framework/Versions/A/Frameworks/CFOpenDirectory.framework/Versions/A/CFOpenDirectory
0x00007fff271e3000 	/System/Library/Frameworks/OpenDirectory.framework/Versions/A/OpenDirectory
0x00007fff2aca3000 	/System/Library/PrivateFrameworks/APFS.framework/Versions/A/APFS
0x00007fff29cee000 	/System/Library/Frameworks/SecurityFoundation.framework/Versions/A/SecurityFoundation
0x00007fff2adad000 	/usr/lib/libutil.dylib
0x00007fff22ba0000 	/System/Library/PrivateFrameworks/CoreServicesStore.framework/Versions/A/CoreServicesStore
0x00007fff29d84000 	/System/Library/Frameworks/ServiceManagement.framework/Versions/A/ServiceManagement
0x00007fff2adb1000 	/usr/lib/libxslt.1.dylib
0x00007fff29d7a000 	/System/Library/PrivateFrameworks/BackgroundTaskManagement.framework/Versions/A/BackgroundTaskManagement
0x00007fff2bd6a000 	/System/Library/Frameworks/ImageIO.framework/Versions/A/Resources/libRadiance.dylib
0x00007fff2bd74000 	/System/Library/Frameworks/ImageIO.framework/Versions/A/Resources/libJPEG.dylib
0x00007fff2bcbe000 	/System/Library/Frameworks/ImageIO.framework/Versions/A/Resources/libPng.dylib
0x00007fff2bce5000 	/System/Library/Frameworks/ImageIO.framework/Versions/A/Resources/libTIFF.dylib
0x00007fff2bdc9000 	/System/Library/Frameworks/ImageIO.framework/Versions/A/Resources/libGIF.dylib
0x00007fff2ba10000 	/System/Library/Frameworks/ImageIO.framework/Versions/A/Resources/libJP2.dylib
0x00007fff2b12c000 	/usr/lib/libexpat.1.dylib
0x00007fff2b9c6000 	/System/Library/PrivateFrameworks/AppleJPEG.framework/Versions/A/AppleJPEG
0x00007fff285d4000 	/System/Library/PrivateFrameworks/FontServices.framework/libFontParser.dylib
0x00007fff262a7000 	/System/Library/PrivateFrameworks/RunningBoardServices.framework/Versions/A/RunningBoardServices
0x00007fff2baf0000 	/System/Library/PrivateFrameworks/WatchdogClient.framework/Versions/A/WatchdogClient
0x00007fff21693000 	/System/Library/Frameworks/CoreDisplay.framework/Versions/A/CoreDisplay
0x00007fff284e9000 	/System/Library/Frameworks/CoreMedia.framework/Versions/A/CoreMedia
0x00007fff27373000 	/System/Library/Frameworks/CoreVideo.framework/Versions/A/CoreVideo
0x00007fff2bb2b000 	/System/Library/Frameworks/VideoToolbox.framework/Versions/A/VideoToolbox
0x00007fff26227000 	/System/Library/PrivateFrameworks/BaseBoard.framework/Versions/A/BaseBoard
0x00007fff2b270000 	/System/Library/PrivateFrameworks/PersistentConnection.framework/Versions/A/PersistentConnection
0x00007fff25fc8000 	/System/Library/PrivateFrameworks/ProtocolBuffer.framework/Versions/A/ProtocolBuffer
0x00007fff2620f000 	/System/Library/PrivateFrameworks/CommonUtilities.framework/Versions/A/CommonUtilities
0x00007fff2b989000 	/System/Library/PrivateFrameworks/Bom.framework/Versions/A/Bom
0x00007fff2bd62000 	/System/Library/PrivateFrameworks/GPUWrangler.framework/Versions/A/GPUWrangler
0x00007fff2bd45000 	/System/Library/PrivateFrameworks/IOPresentment.framework/Versions/A/IOPresentment
0x00007fff2bd6e000 	/System/Library/PrivateFrameworks/DSExternalDisplay.framework/Versions/A/DSExternalDisplay
0x00007fff2bdce000 	/System/Library/PrivateFrameworks/CMCaptureCore.framework/Versions/A/CMCaptureCore
0x00007fff2b70c000 	/System/Library/PrivateFrameworks/AppServerSupport.framework/Versions/A/AppServerSupport
0x00007fff2d7a9000 	/System/Library/PrivateFrameworks/perfdata.framework/Versions/A/perfdata
0x00007fff29cdd000 	/System/Library/PrivateFrameworks/AssertionServices.framework/Versions/A/AssertionServices
0x00007fff217ca000 	/System/Library/PrivateFrameworks/AudioToolboxCore.framework/Versions/A/AudioToolboxCore
0x00007fff284cc000 	/System/Library/PrivateFrameworks/caulk.framework/Versions/A/caulk
0x00007fff3cc55000 	/System/Library/PrivateFrameworks/SystemPolicy.framework/Versions/A/SystemPolicy
0x00007fff2af3b000 	/usr/lib/libIOReport.dylib
0x00007fff2cfe5000 	/usr/lib/libSMC.dylib
0x00007fff2bc8a000 	/usr/lib/libAudioToolboxUtility.dylib
0x00007fff3d5b2000 	/usr/lib/libmis.dylib
0x00007fff6bb56000 	/System/Library/Frameworks/OpenGL.framework/Versions/A/Libraries/libGLU.dylib
0x00007fff6bb19000 	/System/Library/Frameworks/OpenGL.framework/Versions/A/Libraries/libGFXShared.dylib
0x00007fff6bd27000 	/System/Library/Frameworks/OpenGL.framework/Versions/A/Libraries/libGL.dylib
0x00007fff6bb22000 	/System/Library/Frameworks/OpenGL.framework/Versions/A/Libraries/libGLImage.dylib
0x00007fff6bb16000 	/System/Library/Frameworks/OpenGL.framework/Versions/A/Libraries/libCVMSPluginSupport.dylib
0x00007fff6bb01000 	/System/Library/Frameworks/OpenGL.framework/Versions/A/Libraries/libCoreVMClient.dylib
0x00007fff6d171000 	/System/Library/Frameworks/OpenCL.framework/Versions/A/OpenCL
0x00007fff2b299000 	/System/Library/PrivateFrameworks/GraphVisualizer.framework/Versions/A/GraphVisualizer
0x00007fff2b2a8000 	/System/Library/PrivateFrameworks/FaceCore.framework/Versions/A/FaceCore
0x00007fff2b6c4000 	/System/Library/PrivateFrameworks/OTSVG.framework/Versions/A/OTSVG
0x00007fff26f68000 	/System/Library/Frameworks/ApplicationServices.framework/Versions/A/Frameworks/ATS.framework/Versions/A/Resources/libFontRegistry.dylib
0x00007fff2b713000 	/System/Library/PrivateFrameworks/FontServices.framework/libhvf.dylib
0x00007fff2b0d8000 	/System/Library/PrivateFrameworks/AppleVA.framework/Versions/A/AppleVA
0x00007fff2ce2d000 	/System/Library/Frameworks/ApplicationServices.framework/Versions/A/Frameworks/ATS.framework/Versions/A/ATS
0x00007fff2d140000 	/System/Library/Frameworks/ApplicationServices.framework/Versions/A/Frameworks/ColorSyncLegacy.framework/Versions/A/ColorSyncLegacy
0x00007fff257a6000 	/System/Library/Frameworks/ApplicationServices.framework/Versions/A/Frameworks/HIServices.framework/Versions/A/HIServices
0x00007fff2d125000 	/System/Library/Frameworks/ApplicationServices.framework/Versions/A/Frameworks/LangAnalysis.framework/Versions/A/LangAnalysis
0x00007fff2bdd8000 	/System/Library/Frameworks/ApplicationServices.framework/Versions/A/Frameworks/PrintCore.framework/Versions/A/PrintCore
0x00007fff2d148000 	/System/Library/Frameworks/ApplicationServices.framework/Versions/A/Frameworks/QD.framework/Versions/A/QD
0x00007fff2ce1d000 	/System/Library/Frameworks/ApplicationServices.framework/Versions/A/Frameworks/SpeechSynthesis.framework/Versions/A/SpeechSynthesis
0x00007fff2bd99000 	/System/Library/Frameworks/ApplicationServices.framework/Versions/A/Frameworks/ATSUI.framework/Versions/A/ATSUI
0x00007fff2d0c5000 	/usr/lib/libcups.2.dylib
0x00007fff2d135000 	/System/Library/PrivateFrameworks/NetAuth.framework/Versions/A/NetAuth
0x00007fff2d7c4000 	/System/Library/Frameworks/Kerberos.framework/Versions/A/Kerberos
0x00007fff2d7d4000 	/System/Library/Frameworks/GSS.framework/Versions/A/GSS
0x00007fff2ce9a000 	/usr/lib/libresolv.9.dylib
0x00007fff2b729000 	/System/Library/PrivateFrameworks/Heimdal.framework/Versions/A/Heimdal
0x00007fff3348b000 	/System/Library/Frameworks/Kerberos.framework/Versions/A/Libraries/libHeimdalProxy.dylib
0x00007fff26374000 	/System/Library/Frameworks/Network.framework/Versions/A/Network
0x00007fff2b145000 	/usr/lib/libheimdal-asn1.dylib
0x00007fff2d825000 	/System/Library/PrivateFrameworks/CommonAuth.framework/Versions/A/CommonAuth
0x00007fff273c1000 	/System/Library/PrivateFrameworks/login.framework/Versions/A/Frameworks/loginsupport.framework/Versions/A/loginsupport
0x00007fff2cda4000 	/System/Library/PrivateFrameworks/AudioSession.framework/Versions/A/AudioSession
0x00007fff2ce0a000 	/usr/lib/libAudioStatistics.dylib
0x00007fff2b1d1000 	/System/Library/PrivateFrameworks/MediaExperience.framework/Versions/A/MediaExperience
0x00007fff2cc3d000 	/System/Library/PrivateFrameworks/AudioSession.framework/libSessionUtility.dylib
0x00007fff2d7b5000 	/usr/lib/libperfcheck.dylib
0x00007fff2d154000 	/System/Library/PrivateFrameworks/AudioResourceArbitration.framework/Versions/A/AudioResourceArbitration
0x00007fff2b14f000 	/System/Library/PrivateFrameworks/IconFoundation.framework/Versions/A/IconFoundation
0x00007fff2fc58000 	/System/Library/PrivateFrameworks/SpeechRecognitionCore.framework/Versions/A/SpeechRecognitionCore
0x000000010fc01000 	/Library/Java/JavaVirtualMachines/jdk1.8.0_271.jdk/Contents/Home/jre/lib/server/libjvm.dylib
0x0000000110a0f000 	/Library/Java/JavaVirtualMachines/jdk1.8.0_271.jdk/Contents/Home/jre/lib/libverify.dylib
0x0000000110a20000 	/Library/Java/JavaVirtualMachines/jdk1.8.0_271.jdk/Contents/Home/jre/lib/libjava.dylib
0x0000000110a54000 	/Library/Java/JavaVirtualMachines/jdk1.8.0_271.jdk/Contents/Home/jre/lib/libinstrument.dylib
0x0000000110ac3000 	/Library/Java/JavaVirtualMachines/jdk1.8.0_271.jdk/Contents/Home/jre/lib/libzip.dylib
0x0000000114eb5000 	/Library/Java/JavaVirtualMachines/jdk1.8.0_271.jdk/Contents/Home/jre/lib/libnet.dylib
0x0000000114ed4000 	/Library/Java/JavaVirtualMachines/jdk1.8.0_271.jdk/Contents/Home/jre/lib/libawt.dylib
0x0000000114f74000 	/Library/Java/JavaVirtualMachines/jdk1.8.0_271.jdk/Contents/Home/jre/lib/libmlib_image.dylib
0x00007fff6eaa6000 	/System/Library/Frameworks/JavaNativeFoundation.framework/Versions/A/JavaNativeFoundation
0x00007fff6eab2000 	/System/Library/Frameworks/JavaRuntimeSupport.framework/Versions/A/JavaRuntimeSupport
0x00007fff3c99f000 	/System/Library/Frameworks/Carbon.framework/Versions/A/Carbon
0x00007fff31ac9000 	/System/Library/PrivateFrameworks/CoreSymbolication.framework/Versions/A/CoreSymbolication
0x00007fff36436000 	/System/Library/Frameworks/Carbon.framework/Versions/A/Frameworks/CommonPanels.framework/Versions/A/CommonPanels
0x00007fff32f20000 	/System/Library/Frameworks/Carbon.framework/Versions/A/Frameworks/Help.framework/Versions/A/Help
0x00007fff3643a000 	/System/Library/Frameworks/Carbon.framework/Versions/A/Frameworks/ImageCapture.framework/Versions/A/ImageCapture
0x00007fff3640a000 	/System/Library/Frameworks/Carbon.framework/Versions/A/Frameworks/OpenScripting.framework/Versions/A/OpenScripting
0x00007fff36432000 	/System/Library/Frameworks/Carbon.framework/Versions/A/Frameworks/Ink.framework/Versions/A/Ink
0x00007fff3c99b000 	/System/Library/Frameworks/Carbon.framework/Versions/A/Frameworks/Print.framework/Versions/A/Print
0x00007fff3642e000 	/System/Library/Frameworks/Carbon.framework/Versions/A/Frameworks/SecurityHI.framework/Versions/A/SecurityHI
0x00007fff31a8d000 	/System/Library/PrivateFrameworks/DebugSymbols.framework/Versions/A/DebugSymbols
0x0000000115033000 	/Library/Java/JavaVirtualMachines/jdk1.8.0_271.jdk/Contents/Home/jre/lib/libawt_lwawt.dylib
0x00000001150e2000 	/Library/Java/JavaVirtualMachines/jdk1.8.0_271.jdk/Contents/Home/jre/lib/libosxapp.dylib
0x00007fff3bfb6000 	/System/Library/Frameworks/ExceptionHandling.framework/Versions/A/ExceptionHandling
0x00007fff22b61000 	/System/Library/PrivateFrameworks/CoreServicesInternal.framework/Versions/A/CoreServicesInternal
0x00007fff30fdf000 	/System/Library/Frameworks/FileProvider.framework/Versions/A/FileProvider
0x00007fff26192000 	/System/Library/Frameworks/Accounts.framework/Versions/A/Accounts
0x00007fff3112f000 	/System/Library/PrivateFrameworks/GenerationalStorage.framework/Versions/A/GenerationalStorage
0x00007fff309ff000 	/System/Library/PrivateFrameworks/SymptomDiagnosticReporter.framework/Versions/A/SymptomDiagnosticReporter
0x00007fff23c92000 	/System/Library/PrivateFrameworks/DesktopServicesPriv.framework/Versions/A/DesktopServicesPriv
0x00007fff22c96000 	/usr/lib/libsandbox.1.dylib
0x00007fff273ec000 	/System/Library/PrivateFrameworks/UserManagement.framework/Versions/A/UserManagement
0x00007fff29cba000 	/System/Library/PrivateFrameworks/MobileKeyBag.framework/Versions/A/MobileKeyBag
0x00007fff3450e000 	/System/Library/PrivateFrameworks/ChunkingLibrary.framework/Versions/A/ChunkingLibrary
0x00007fff2e1e8000 	/System/Library/PrivateFrameworks/Sharing.framework/Versions/A/Sharing
0x00007fff32a8d000 	/System/Library/PrivateFrameworks/Apple80211.framework/Versions/A/Apple80211
0x00007fff2a367000 	/System/Library/PrivateFrameworks/AuthKit.framework/Versions/A/AuthKit
0x00007fff29ab8000 	/System/Library/PrivateFrameworks/CoreUtils.framework/Versions/A/CoreUtils
0x00007fff299e5000 	/System/Library/Frameworks/CoreWLAN.framework/Versions/A/CoreWLAN
0x00007fff2e334000 	/System/Library/Frameworks/IOBluetooth.framework/Versions/A/IOBluetooth
0x00007fff32af1000 	/System/Library/PrivateFrameworks/CoreWiFi.framework/Versions/A/CoreWiFi
0x00007fff2d8ab000 	/System/Library/PrivateFrameworks/CorePhoneNumbers.framework/Versions/A/CorePhoneNumbers
0x00007fff30b06000 	/System/Library/PrivateFrameworks/DiskManagement.framework/Versions/A/DiskManagement
0x00007fff30a1c000 	/System/Library/PrivateFrameworks/AppleIDAuthSupport.framework/Versions/A/AppleIDAuthSupport
0x00007fff2d88b000 	/System/Library/PrivateFrameworks/KeychainCircle.framework/Versions/A/KeychainCircle
0x00007fff30ad2000 	/System/Library/PrivateFrameworks/MediaKit.framework/Versions/A/MediaKit
0x00007fff30a29000 	/System/Library/Frameworks/DiscRecording.framework/Versions/A/DiscRecording
0x00007fff2b04c000 	/usr/lib/libCoreStorage.dylib
0x00007fff32f2c000 	/usr/lib/libcsfde.dylib
0x00007fff2e46f000 	/System/Library/PrivateFrameworks/ProtectedCloudStorage.framework/Versions/A/ProtectedCloudStorage
0x00007fff32f24000 	/System/Library/PrivateFrameworks/EFILogin.framework/Versions/A/EFILogin
0x00007fff3353e000 	/System/Library/Frameworks/AudioUnit.framework/Versions/A/AudioUnit
0x00007fff30999000 	/System/Library/Frameworks/CoreBluetooth.framework/Versions/A/CoreBluetooth
0x00007fff2b044000 	/usr/lib/libMatch.1.dylib
0x00007fff43826000 	/System/Library/CoreServices/RawCamera.bundle/Contents/MacOS/RawCamera
0x00007fff2d836000 	/System/Library/PrivateFrameworks/MobileAsset.framework/Versions/A/MobileAsset
0x00007fff33562000 	/System/Library/PrivateFrameworks/StreamingZip.framework/Versions/A/StreamingZip
0x00007fff2bfd0000 	/System/Library/Frameworks/MediaToolbox.framework/Versions/A/MediaToolbox
0x00007fff30fb1000 	/System/Library/PrivateFrameworks/CoreAVCHD.framework/Versions/A/CoreAVCHD
0x00007fff30198000 	/System/Library/Frameworks/MediaAccessibility.framework/Versions/A/MediaAccessibility
0x00007fff30fad000 	/System/Library/PrivateFrameworks/Mangrove.framework/Versions/A/Mangrove
0x00007fff301a4000 	/System/Library/PrivateFrameworks/AlgosScoreFramework.framework/Versions/A/AlgosScoreFramework
0x00007fff3199b000 	/System/Library/PrivateFrameworks/AppleVPA.framework/Versions/A/AppleVPA
0x00007fff30bf2000 	/System/Library/PrivateFrameworks/CoreAUC.framework/Versions/A/CoreAUC
0x00007fff41279000 	/System/Library/Frameworks/Accelerate.framework/Versions/A/Frameworks/vImage.framework/Versions/A/Libraries/libCGInterfaces.dylib
0x0000000116711000 	/usr/lib/libobjc-trampolines.dylib
0x00007fff270eb000 	/System/Library/PrivateFrameworks/ViewBridge.framework/Versions/A/ViewBridge
0x00007fff2b7ea000 	/System/Library/PrivateFrameworks/login.framework/Versions/A/login
0x0000000137e97000 	/Library/Java/JavaVirtualMachines/jdk1.8.0_271.jdk/Contents/Home/jre/lib/libfontmanager.dylib
0x0000000137ef8000 	/Users/yuyangwang/Desktop/Programs_In_BDIC/Stage 3 Semester 1/Computer Graphic/Assignment3/liblwjgl.dylib
0x000000011677e000 	/Library/Java/JavaVirtualMachines/jdk1.8.0_271.jdk/Contents/Home/jre/lib/libjawt.dylib
0x00007fff6bd32000 	/System/Library/Frameworks/OpenGL.framework/Versions/A/Resources/GLEngine.bundle/GLEngine
0x00007fff6bb93000 	/System/Library/Frameworks/OpenGL.framework/Versions/A/Libraries/libGLProgrammability.dylib
0x00007fff5ef16000 	/System/Library/Extensions/AppleIntelKBLGraphicsGLDriver.bundle/Contents/MacOS/AppleIntelKBLGraphicsGLDriver
0x00007fff4636c000 	/System/Library/PrivateFrameworks/GPUSupport.framework/Versions/A/Libraries/libGPUSupportMercury.dylib
0x00000001380a1000 	/System/Library/Extensions/AMDRadeonX4000GLDriver.bundle/Contents/MacOS/AMDRadeonX4000GLDriver
0x00007fff6e073000 	/System/Library/Extensions/AMDRadeonX4000GLDriver.bundle/Contents/MacOS/ATIRadeonX4000SCLib.dylib
0x00007fff5e17e000 	/System/Library/Extensions/AMDShared.bundle/Contents/PlugIns/libSC.dylib
0x00007fff6beb0000 	/System/Library/Frameworks/OpenGL.framework/Versions/A/Resources/GLRendererFloat.bundle/GLRendererFloat

VM Arguments:
jvm_args: -javaagent:/Applications/IntelliJ IDEA.app/Contents/lib/idea_rt.jar=62805:/Applications/IntelliJ IDEA.app/Contents/bin -Dfile.encoding=UTF-8 
java_command: MainWindow
java_class_path (initial): /Users/yuyangwang/Desktop/Programs_In_BDIC/Stage 3 Semester 1/Computer Graphic/Assignment3/bin:/Library/Java/JavaVirtualMachines/jdk1.8.0_271.jdk/Contents/Home/jre/lib/charsets.jar:/Library/Java/JavaVirtualMachines/jdk1.8.0_271.jdk/Contents/Home/jre/lib/deploy.jar:/Library/Java/JavaVirtualMachines/jdk1.8.0_271.jdk/Contents/Home/jre/lib/ext/cldrdata.jar:/Library/Java/JavaVirtualMachines/jdk1.8.0_271.jdk/Contents/Home/jre/lib/ext/dnsns.jar:/Library/Java/JavaVirtualMachines/jdk1.8.0_271.jdk/Contents/Home/jre/lib/ext/jaccess.jar:/Library/Java/JavaVirtualMachines/jdk1.8.0_271.jdk/Contents/Home/jre/lib/ext/jfxrt.jar:/Library/Java/JavaVirtualMachines/jdk1.8.0_271.jdk/Contents/Home/jre/lib/ext/localedata.jar:/Library/Java/JavaVirtualMachines/jdk1.8.0_271.jdk/Contents/Home/jre/lib/ext/nashorn.jar:/Library/Java/JavaVirtualMachines/jdk1.8.0_271.jdk/Contents/Home/jre/lib/ext/sunec.jar:/Library/Java/JavaVirtualMachines/jdk1.8.0_271.jdk/Contents/Home/jre/lib/ext/sunjce_provider.jar:/Library/Java/JavaVirtualMachines/jdk1.8.0_271.jdk/Contents/Home/jre/lib/ext/sunpkcs11.jar:/Library/Java/JavaVirtualMachines/jdk1.8.0_271.jdk/Contents/Home/jre/lib/ext/zipfs.jar:/Library/Java/JavaVirtualMachines/jdk1.8.0_271.jdk/Contents/Home/jre/lib/javaws.jar:/Library/Java/JavaVirtualMachines/jdk1.8.0_271.jdk/Contents/Home/jre/lib/jce.jar:/Library/Java/JavaVirtualMachines/jdk1.8.0_271.jdk/Contents/Home/jre/lib/jfr.jar:/Library/Java/JavaVirtualMachines/jdk1.8.0_271.jdk/Contents/Home/jre/lib/jfxswt.jar:/Library/Java/JavaVirtualMachines/jdk1.8.0_271.jdk/Contents/Home/jre/lib/jsse.jar:/Library/Java/JavaVirtualMachines/jdk1.8.0_271.jdk/Contents/Home/jre/lib/management-agent.jar:/Library/Java/JavaVirtualMachines/jdk1.8.0_271.jdk/Contents/Home/jre/lib/plugin.jar:/Library/Java/JavaVirtualMachines/jdk1.8.0_271.jdk/Contents/Home/jre/lib/resources.jar:/Library/Java/JavaVirtualMachines/jdk1.8.0_271.jdk/Contents/Home/jre/lib/rt.jar:/Library/Java/JavaVirtualMachines/jdk1.8.0_271.jdk/Co
Launcher Type: SUN_STANDARD

Environment Variables:
JAVA_HOME=/Library/Java/JavaVirtualMachines/jdk-17.jdk/Contents/Home
PATH=/opt/MonkeyDev/bin:/Users/yuyangwang/opt/anaconda3/bin:/Users/yuyangwang/opt/anaconda3/condabin:/Users/yuyangwang/.autojump/bin:/Users/yuyangwang/bin:/usr/local/bin:/usr/local/sbin:/usr/bin:/bin:/usr/sbin:/sbin:/Applications/VMware Fusion.app/Contents/Public:/Library/TeX/texbin:/usr/local/share/dotnet:/opt/X11/bin:~/.dotnet/tools:/Library/Apple/usr/bin:/Library/Frameworks/Mono.framework/Versions/Current/Commands:/Applications/Wireshark.app/Contents/MacOS:/Users/yuyangwang/flutter/bin
SHELL=/bin/zsh

Signal Handlers:
SIGSEGV: [libjvm.dylib+0x5a0dcb], sa_mask[0]=11111111011111110111111111111111, sa_flags=SA_ONSTACK|SA_RESTART|SA_SIGINFO
SIGBUS: [libjvm.dylib+0x5a0dcb], sa_mask[0]=11111111011111110111111111111111, sa_flags=SA_RESTART|SA_SIGINFO
SIGFPE: [libjvm.dylib+0x491731], sa_mask[0]=11111111011111110111111111111111, sa_flags=SA_RESTART|SA_SIGINFO
SIGPIPE: [libjvm.dylib+0x491731], sa_mask[0]=11111111011111110111111111111111, sa_flags=SA_RESTART|SA_SIGINFO
SIGXFSZ: [libjvm.dylib+0x491731], sa_mask[0]=11111111011111110111111111111111, sa_flags=SA_RESTART|SA_SIGINFO
SIGILL: [libjvm.dylib+0x491731], sa_mask[0]=11111111011111110111111111111111, sa_flags=SA_RESTART|SA_SIGINFO
SIGUSR1: SIG_DFL, sa_mask[0]=00000000000000000000000000000000, sa_flags=none
SIGUSR2: [libjvm.dylib+0x49202a], sa_mask[0]=00100000000000000000000000000000, sa_flags=SA_RESTART|SA_SIGINFO
SIGHUP: [libjvm.dylib+0x490239], sa_mask[0]=11111111011111110111111111111111, sa_flags=SA_RESTART|SA_SIGINFO
SIGINT: [libjvm.dylib+0x490239], sa_mask[0]=11111111011111110111111111111111, sa_flags=SA_RESTART|SA_SIGINFO
SIGTERM: [libjvm.dylib+0x490239], sa_mask[0]=11111111011111110111111111111111, sa_flags=SA_RESTART|SA_SIGINFO
SIGQUIT: [libjvm.dylib+0x490239], sa_mask[0]=11111111011111110111111111111111, sa_flags=SA_RESTART|SA_SIGINFO


---------------  S Y S T E M  ---------------

OS:Bsduname:Darwin 20.6.0 Darwin Kernel Version 20.6.0: Wed Jun 23 00:26:31 PDT 2021; root:xnu-7195.141.2~5/RELEASE_X86_64 x86_64
rlimit: STACK 8192k, CORE 0k, NPROC 2784, NOFILE 10240, AS infinity
load average:3.65 2.46 2.24

CPU:total 16 (initial active 16) (8 cores per cpu, 2 threads per core) family 6 model 158 stepping 13, cmov, cx8, fxsr, mmx, sse, sse2, sse3, ssse3, sse4.1, sse4.2, popcnt, avx, avx2, aes, clmul, erms, 3dnowpref, lzcnt, ht, tsc, tscinvbit, bmi1, bmi2, adx

Memory: 4k page, physical 16777216k(428808k free)

/proc/meminfo:


vm_info: Java HotSpot(TM) 64-Bit Server VM (25.271-b09) for bsd-amd64 JRE (1.8.0_271-b09), built on Sep 16 2020 16:54:38 by "java_re" with gcc 4.2.1 Compatible Apple LLVM 10.0.0 (clang-1000.11.45.5)

time: Wed Oct 13 17:18:11 2021
timezone: CST
elapsed time: 1.761082 seconds (0d 0h 0m 1s)

