#
# A fatal error has been detected by the Java Runtime Environment:
#
#  SIGSEGV (0xb) at pc=0x00007fff203174af, pid=54642, tid=0x0000000000000d03
#
# JRE version: Java(TM) SE Runtime Environment (8.0_271-b09) (build 1.8.0_271-b09)
# Java VM: Java HotSpot(TM) 64-Bit Server VM (25.271-b09 mixed mode bsd-amd64 compressed oops)
# Problematic frame:
# C  [libobjc.A.dylib+0x84af]  objc_release+0x1f
#
# Failed to write core dump. Core dumps have been disabled. To enable core dumping, try "ulimit -c unlimited" before starting Java again
#
# If you would like to submit a bug report, please visit:
#   http://bugreport.java.com/bugreport/crash.jsp
# The crash happened outside the Java Virtual Machine in native code.
# See problematic frame for where to report the bug.
#

---------------  T H R E A D  ---------------

Current thread (0x00007fadad009000):  JavaThread "main" [_thread_in_native, id=3331, stack(0x0000700002e9a000,0x0000700002f9a000)]

siginfo: si_signo: 11 (SIGSEGV), si_code: 1 (SEGV_MAPERR), si_addr: 0x0000000000000020

Registers:
RAX=0x5000000000000000, RBX=0x0000000000000001, RCX=0x0000000000000000, RDX=0x0000000000000007
RSP=0x0000700002f994c8, RBP=0x0000700002f99500, RSI=0x00007fadacc2e0d0, RDI=0x00007fadacc32b30
R8 =0x00007fadae1b1ac8, R9 =0x0000000000000000, R10=0x00007fadaf246910, R11=0x00007fff22d42b3a
R12=0x00007fadacc32b30, R13=0xa3a3a3a3a3a3a3a3, R14=0x00007fadb4009078, R15=0x00007fadb4009000
RIP=0x00007fff203174af, EFLAGS=0x0000000000010246, ERR=0x0000000000000004
  TRAPNO=0x000000000000000e

Top of Stack: (sp=0x0000700002f994c8)
0x0000700002f994c8:   00007fff2033520f a1b29de36b720000
0x0000700002f994d8:   00007fadb4009000 00007fadacf1eac0
0x0000700002f994e8:   00000001248c6570 00007fff7bb6efbf
0x0000700002f994f8:   00007fadad0091f8 0000700002f99520
0x0000700002f99508:   00007fff20317e30 a1b29de36b7200ce
0x0000700002f99518:   00007fadb4009078 0000700002f99540
0x0000700002f99528:   00007fff20531a66 a1b29de36b7200ce
0x0000700002f99538:   00007fadacf1eac0 0000700002f99580
0x0000700002f99548:   00007fff212bd123 00007fff873890d8
0x0000700002f99558:   0000000000000000 00007fadace44e00
0x0000700002f99568:   a1b29de36b7200ce 00007fadacc2e490
0x0000700002f99578:   00007fadaf245d50 0000700002f995b0
0x0000700002f99588:   000000012bcaacce 00000001248c6578
0x0000700002f99598:   0000000000000000 0000700002f99640
0x0000700002f995a8:   00007fadad009000 0000700002f99618
0x0000700002f995b8:   000000010be266c7 0000700002f99618
0x0000700002f995c8:   000000010be26427 000000010be263e2
0x0000700002f995d8:   0000700002f995d8 00000001248c6570
0x0000700002f995e8:   0000700002f99640 00000001248c6ad8
0x0000700002f995f8:   0000000000000000 00000001248c6578
0x0000700002f99608:   0000000000000000 0000700002f99638
0x0000700002f99618:   0000700002f99688 000000010be162bd
0x0000700002f99628:   000000076bd57418 000000010be1fd18
0x0000700002f99638:   000000076bd6c778 000000076b893b78
0x0000700002f99648:   0000700002f99648 00000001248c6477
0x0000700002f99658:   0000700002f996b8 00000001248c6ad8
0x0000700002f99668:   0000000000000000 00000001248c64e8
0x0000700002f99678:   0000700002f99638 0000700002f996a8
0x0000700002f99688:   0000700002f99710 000000010be16302
0x0000700002f99698:   0000000000000000 000000076b893b78
0x0000700002f996a8:   000000076bd6c778 000000076b893ac0
0x0000700002f996b8:   000000076bd574a8 0000000000000001 

Instructions: (pc=0x00007fff203174af)
0x00007fff2031748f:   90 48 85 ff 74 76 89 f8 83 e0 01 48 85 c0 75 6c
0x00007fff2031749f:   48 8b 07 48 b9 f8 ff ff ff ff 7f 00 00 48 21 c1
0x00007fff203174af:   48 8b 51 20 f6 c2 04 74 54 a8 01 74 6f 48 b9 00
0x00007fff203174bf:   00 00 00 00 00 80 00 48 ba 00 00 00 00 00 00 00 

Register to memory mapping:

RAX=0x5000000000000000 is an unknown value
RBX=0x0000000000000001 is an unknown value
RCX=0x0000000000000000 is an unknown value
RDX=0x0000000000000007 is an unknown value
RSP=0x0000700002f994c8 is pointing into the stack for thread: 0x00007fadad009000
RBP=0x0000700002f99500 is pointing into the stack for thread: 0x00007fadad009000
RSI=0x00007fadacc2e0d0 is an unknown value
RDI=0x00007fadacc32b30 is an unknown value
R8 =0x00007fadae1b1ac8 is an unknown value
R9 =0x0000000000000000 is an unknown value
R10=0x00007fadaf246910 is an unknown value
R11=0x00007fff22d42b3a: -[NSResponder release]+0 in /System/Library/Frameworks/AppKit.framework/Versions/C/AppKit at 0x00007fff22d37000
R12=0x00007fadacc32b30 is an unknown value
R13=0xa3a3a3a3a3a3a3a3 is an unknown value
R14=0x00007fadb4009078 is an unknown value
R15=0x00007fadb4009000 is an unknown value


Stack: [0x0000700002e9a000,0x0000700002f9a000],  sp=0x0000700002f994c8,  free space=1021k
Native frames: (J=compiled Java code, j=interpreted, Vv=VM code, C=native code)
C  [libobjc.A.dylib+0x84af]  objc_release+0x1f
C  [libobjc.A.dylib+0x8e30]  objc_autoreleasePoolPop+0xa1
C  [CoreFoundation+0x42a66]  _CFAutoreleasePoolPop+0x16
C  [Foundation+0x1f123]  -[NSAutoreleasePool release]+0x83
C  [liblwjgl.dylib+0x16cce]  Java_org_lwjgl_opengl_MacOSXContextImplementation_setView+0x10e
j  org.lwjgl.opengl.MacOSXContextImplementation.setView(Ljava/nio/ByteBuffer;Ljava/nio/ByteBuffer;)V+0
j  org.lwjgl.opengl.MacOSXContextImplementation.makeCurrent(Lorg/lwjgl/opengl/PeerInfo;Ljava/nio/ByteBuffer;)V+7
j  org.lwjgl.opengl.ContextGL.makeCurrent()V+46
j  org.lwjgl.opengl.DrawableGL.makeCurrent()V+14
j  org.lwjgl.opengl.Display.makeCurrent()V+3
j  org.lwjgl.opengl.Display.makeCurrentAndSetSwapInterval()V+0
j  org.lwjgl.opengl.Display.create(Lorg/lwjgl/opengl/PixelFormat;Lorg/lwjgl/opengl/Drawable;Lorg/lwjgl/opengl/ContextAttribs;)V+108
j  org.lwjgl.opengl.Display.create(Lorg/lwjgl/opengl/PixelFormat;)V+12
j  main.Engine.<init>(II)V+55
j  main.Main.main([Ljava/lang/String;)V+10
v  ~StubRoutines::call_stub
V  [libjvm.dylib+0x2d4795]  JavaCalls::call_helper(JavaValue*, methodHandle*, JavaCallArguments*, Thread*)+0x771
V  [libjvm.dylib+0x30582b]  jni_invoke_static(JNIEnv_*, JavaValue*, _jobject*, JNICallType, _jmethodID*, JNI_ArgumentPusher*, Thread*)+0x279
V  [libjvm.dylib+0x308edb]  jni_CallStaticVoidMethod+0x1f6
C  [java+0x316c]  JavaMain+0x9dc
C  [libsystem_pthread.dylib+0x68fc]  _pthread_start+0xe0
C  [libsystem_pthread.dylib+0x2443]  thread_start+0xf
C  0x0000000000000000

Java frames: (J=compiled Java code, j=interpreted, Vv=VM code)
j  org.lwjgl.opengl.MacOSXContextImplementation.setView(Ljava/nio/ByteBuffer;Ljava/nio/ByteBuffer;)V+0
j  org.lwjgl.opengl.MacOSXContextImplementation.makeCurrent(Lorg/lwjgl/opengl/PeerInfo;Ljava/nio/ByteBuffer;)V+7
j  org.lwjgl.opengl.ContextGL.makeCurrent()V+46
j  org.lwjgl.opengl.DrawableGL.makeCurrent()V+14
j  org.lwjgl.opengl.Display.makeCurrent()V+3
j  org.lwjgl.opengl.Display.makeCurrentAndSetSwapInterval()V+0
j  org.lwjgl.opengl.Display.create(Lorg/lwjgl/opengl/PixelFormat;Lorg/lwjgl/opengl/Drawable;Lorg/lwjgl/opengl/ContextAttribs;)V+108
j  org.lwjgl.opengl.Display.create(Lorg/lwjgl/opengl/PixelFormat;)V+12
j  main.Engine.<init>(II)V+55
j  main.Main.main([Ljava/lang/String;)V+10
v  ~StubRoutines::call_stub

---------------  P R O C E S S  ---------------

Java Threads: ( => current thread )
  0x00007fadad033000 JavaThread "AWT-Shutdown" [_thread_blocked, id=68907, stack(0x0000700005103000,0x0000700005203000)]
  0x00007fadae1aa000 JavaThread "Attach Listener" daemon [_thread_blocked, id=72519, stack(0x000070000559b000,0x000070000569b000)]
  0x00007fadad881800 JavaThread "AppKit Thread" daemon [_thread_in_native, id=259, stack(0x00007ffeecfc2000,0x00007ffeed7c2000)]
  0x00007fadb0014000 JavaThread "Service Thread" daemon [_thread_blocked, id=39683, stack(0x0000700004efd000,0x0000700004ffd000)]
  0x00007fadb6022800 JavaThread "C1 CompilerThread11" daemon [_thread_blocked, id=40195, stack(0x0000700004dfa000,0x0000700004efa000)]
  0x00007fadb4812800 JavaThread "C1 CompilerThread10" daemon [_thread_blocked, id=40707, stack(0x0000700004cf7000,0x0000700004df7000)]
  0x00007fadb5822800 JavaThread "C1 CompilerThread9" daemon [_thread_blocked, id=41219, stack(0x0000700004bf4000,0x0000700004cf4000)]
  0x00007fadb5822000 JavaThread "C1 CompilerThread8" daemon [_thread_blocked, id=41475, stack(0x0000700004af1000,0x0000700004bf1000)]
  0x00007fadb5821000 JavaThread "C2 CompilerThread7" daemon [_thread_blocked, id=23555, stack(0x00007000049ee000,0x0000700004aee000)]
  0x00007fadb6012000 JavaThread "C2 CompilerThread6" daemon [_thread_blocked, id=23299, stack(0x00007000048eb000,0x00007000049eb000)]
  0x00007fadb6011000 JavaThread "C2 CompilerThread5" daemon [_thread_blocked, id=42243, stack(0x00007000047e8000,0x00007000048e8000)]
  0x00007fadb6010800 JavaThread "C2 CompilerThread4" daemon [_thread_blocked, id=42755, stack(0x00007000046e5000,0x00007000047e5000)]
  0x00007fadb4047800 JavaThread "C2 CompilerThread3" daemon [_thread_blocked, id=22787, stack(0x00007000045e2000,0x00007000046e2000)]
  0x00007fadb5808800 JavaThread "C2 CompilerThread2" daemon [_thread_blocked, id=22275, stack(0x00007000044df000,0x00007000045df000)]
  0x00007fadb3808800 JavaThread "C2 CompilerThread1" daemon [_thread_blocked, id=43011, stack(0x00007000043dc000,0x00007000044dc000)]
  0x00007fadb400b000 JavaThread "C2 CompilerThread0" daemon [_thread_blocked, id=21763, stack(0x00007000042d9000,0x00007000043d9000)]
  0x00007fadb400e800 JavaThread "Monitor Ctrl-Break" daemon [_thread_in_native, id=15875, stack(0x00007000041d6000,0x00007000042d6000)]
  0x00007fadb0013800 JavaThread "Signal Dispatcher" daemon [_thread_blocked, id=16387, stack(0x00007000040d3000,0x00007000041d3000)]
  0x00007fadaf80d800 JavaThread "Finalizer" daemon [_thread_blocked, id=12803, stack(0x0000700003eca000,0x0000700003fca000)]
  0x00007fadae017800 JavaThread "Reference Handler" daemon [_thread_blocked, id=17923, stack(0x0000700003dc7000,0x0000700003ec7000)]
=>0x00007fadad009000 JavaThread "main" [_thread_in_native, id=3331, stack(0x0000700002e9a000,0x0000700002f9a000)]

Other Threads:
  0x00007fadae011000 VMThread [stack: 0x0000700003cc4000,0x0000700003dc4000] [id=12547]
  0x00007fadb380a000 WatcherThread [stack: 0x0000700005000000,0x0000700005100000] [id=39171]

VM state:not at safepoint (normal execution)

VM Mutex/Monitor currently owned by a thread: None

heap address: 0x00000006c0000000, size: 4096 MB, Compressed Oops mode: Zero based, Oop shift amount: 3
Narrow klass base: 0x0000000000000000, Narrow klass shift: 3
Compressed class space size: 1073741824 Address: 0x00000007c0000000

Heap:
 PSYoungGen      total 76288K, used 19700K [0x000000076ab00000, 0x0000000770000000, 0x00000007c0000000)
  eden space 65536K, 30% used [0x000000076ab00000,0x000000076be3d018,0x000000076eb00000)
  from space 10752K, 0% used [0x000000076f580000,0x000000076f580000,0x0000000770000000)
  to   space 10752K, 0% used [0x000000076eb00000,0x000000076eb00000,0x000000076f580000)
 ParOldGen       total 175104K, used 0K [0x00000006c0000000, 0x00000006cab00000, 0x000000076ab00000)
  object space 175104K, 0% used [0x00000006c0000000,0x00000006c0000000,0x00000006cab00000)
 Metaspace       used 6193K, capacity 6370K, committed 6400K, reserved 1056768K
  class space    used 685K, capacity 761K, committed 768K, reserved 1048576K

Card table byte_map: [0x000000011ae0e000,0x000000011b60f000] byte_map_base: 0x000000011780e000

Marking Bits: (ParMarkBitMap*) 0x000000010b729768
 Begin Bits: [0x000000011bb65000, 0x000000011fb65000)
 End Bits:   [0x000000011fb65000, 0x0000000123b65000)

Polling page: 0x00000001024c0000

CodeCache: size=245760Kb used=3872Kb max_used=3883Kb free=241887Kb
 bounds [0x000000010be0e000, 0x000000010c1de000, 0x000000011ae0e000]
 total_blobs=758 nmethods=448 adapters=221
 compilation: enabled

Compilation events (10 events):
Event: 3.727 Thread 0x00007fadb6022800 nmethod 442 0x000000010c1cd5d0 code [0x000000010c1cd740, 0x000000010c1cd8c8]
Event: 3.727 Thread 0x00007fadb5822800 nmethod 445 0x000000010c1ce5d0 code [0x000000010c1ce7c0, 0x000000010c1cf318]
Event: 3.728 Thread 0x00007fadb5822000 nmethod 444 0x000000010c1cf950 code [0x000000010c1cfb80, 0x000000010c1d09f8]
Event: 3.729 Thread 0x00007fadb6022800  446       3       java.lang.Integer::valueOf (32 bytes)
Event: 3.729 Thread 0x00007fadb5822800  447       3       java.nio.Buffer::remaining (10 bytes)
Event: 3.729 Thread 0x00007fadb5822800 nmethod 447 0x000000010c1cced0 code [0x000000010c1cd020, 0x000000010c1cd170]
Event: 3.730 Thread 0x00007fadb6022800 nmethod 446 0x000000010c1d1090 code [0x000000010c1d1220, 0x000000010c1d1570]
Event: 3.732 Thread 0x00007fadb4812800 nmethod 443 0x000000010c1d1710 code [0x000000010c1d1bc0, 0x000000010c1d4d08]
Event: 3.733 Thread 0x00007fadb6011000  448       4       java.util.concurrent.ConcurrentHashMap::setTabAt (19 bytes)
Event: 3.734 Thread 0x00007fadb6011000 nmethod 448 0x000000010c1cccd0 code [0x000000010c1cce00, 0x000000010c1cce78]

GC Heap History (0 events):
No events

Deoptimization events (0 events):
No events

Classes redefined (0 events):
No events

Internal exceptions (10 events):
Event: 0.063 Thread 0x00007fadad009000 Exception <a 'java/lang/NoSuchMethodError': Method sun.misc.Unsafe.defineClass(Ljava/lang/String;[BII)Ljava/lang/Class; name or signature does not match> (0x000000076ab07cc0) thrown at [/jenkins/workspace/8-2-build-macosx-x86_64/jdk8u271/605/hotspot/src/s
Event: 0.063 Thread 0x00007fadad009000 Exception <a 'java/lang/NoSuchMethodError': Method sun.misc.Unsafe.prefetchRead(Ljava/lang/Object;J)V name or signature does not match> (0x000000076ab07fa8) thrown at [/jenkins/workspace/8-2-build-macosx-x86_64/jdk8u271/605/hotspot/src/share/vm/prims/jni.
Event: 0.177 Thread 0x00007fadad009000 Exception <a 'java/security/PrivilegedActionException'> (0x000000076b1f4f78) thrown at [/jenkins/workspace/8-2-build-macosx-x86_64/jdk8u271/605/hotspot/src/share/vm/prims/jvm.cpp, line 1512]
Event: 0.177 Thread 0x00007fadad009000 Exception <a 'java/security/PrivilegedActionException'> (0x000000076b1f5188) thrown at [/jenkins/workspace/8-2-build-macosx-x86_64/jdk8u271/605/hotspot/src/share/vm/prims/jvm.cpp, line 1512]
Event: 0.178 Thread 0x00007fadad009000 Exception <a 'java/security/PrivilegedActionException'> (0x000000076b1f86a0) thrown at [/jenkins/workspace/8-2-build-macosx-x86_64/jdk8u271/605/hotspot/src/share/vm/prims/jvm.cpp, line 1512]
Event: 0.178 Thread 0x00007fadad009000 Exception <a 'java/security/PrivilegedActionException'> (0x000000076b1f88b0) thrown at [/jenkins/workspace/8-2-build-macosx-x86_64/jdk8u271/605/hotspot/src/share/vm/prims/jvm.cpp, line 1512]
Event: 0.454 Thread 0x00007fadad009000 Exception <a 'java/lang/NoSuchFieldError': method resolution failed> (0x000000076b47da48) thrown at [/jenkins/workspace/8-2-build-macosx-x86_64/jdk8u271/605/hotspot/src/share/vm/prims/methodHandles.cpp, line 1169]
Event: 0.455 Thread 0x00007fadad009000 Exception <a 'java/lang/NoSuchFieldError': method resolution failed> (0x000000076b48bce0) thrown at [/jenkins/workspace/8-2-build-macosx-x86_64/jdk8u271/605/hotspot/src/share/vm/prims/methodHandles.cpp, line 1169]
Event: 0.758 Thread 0x00007fadad009000 Exception <a 'java/io/FileNotFoundException'> (0x000000076b530fa0) thrown at [/jenkins/workspace/8-2-build-macosx-x86_64/jdk8u271/605/hotspot/src/share/vm/prims/jni.cpp, line 710]
Event: 0.758 Thread 0x00007fadad009000 Exception <a 'java/io/FileNotFoundException'> (0x000000076b531b28) thrown at [/jenkins/workspace/8-2-build-macosx-x86_64/jdk8u271/605/hotspot/src/share/vm/prims/jni.cpp, line 710]

Events (10 events):
Event: 3.731 loading class org/lwjgl/opengl/ContextImplementation
Event: 3.731 loading class org/lwjgl/opengl/ContextImplementation done
Event: 3.732 loading class org/lwjgl/opengl/MacOSXContextImplementation
Event: 3.732 loading class org/lwjgl/opengl/MacOSXContextImplementation done
Event: 3.734 loading class org/lwjgl/opengl/GLContext
Event: 3.734 loading class org/lwjgl/opengl/GLContext done
Event: 3.736 loading class java/lang/NumberFormatException
Event: 3.737 loading class java/lang/NumberFormatException done
Event: 3.737 loading class org/lwjgl/opengl/GLContext$CapabilitiesCacheEntry
Event: 3.737 loading class org/lwjgl/opengl/GLContext$CapabilitiesCacheEntry done


Dynamic libraries:
0x00007fff34fc1000 	/System/Library/Frameworks/Cocoa.framework/Versions/A/Cocoa
0x00007fff22306000 	/System/Library/Frameworks/Security.framework/Versions/A/Security
0x00007fff331c9000 	/System/Library/Frameworks/ApplicationServices.framework/Versions/A/ApplicationServices
0x00007fff2a588000 	/usr/lib/libz.1.dylib
0x00007fff2a650000 	/usr/lib/libSystem.B.dylib
0x00007fff204ef000 	/System/Library/Frameworks/CoreFoundation.framework/Versions/A/CoreFoundation
0x00007fff2129e000 	/System/Library/Frameworks/Foundation.framework/Versions/C/Foundation
0x00007fff2030f000 	/usr/lib/libobjc.A.dylib
0x00007fff22d37000 	/System/Library/Frameworks/AppKit.framework/Versions/C/AppKit
0x00007fff25bfb000 	/System/Library/Frameworks/CoreData.framework/Versions/A/CoreData
0x00007fff23a83000 	/System/Library/PrivateFrameworks/UIFoundation.framework/Versions/A/UIFoundation
0x00007fff2fc83000 	/System/Library/PrivateFrameworks/RemoteViewServices.framework/Versions/A/RemoteViewServices
0x00007fff28a94000 	/System/Library/PrivateFrameworks/XCTTargetBootstrap.framework/Versions/A/XCTTargetBootstrap
0x00007fff2b779000 	/usr/lib/libspindump.dylib
0x00007fff23cd2000 	/System/Library/Frameworks/UniformTypeIdentifiers.framework/Versions/A/UniformTypeIdentifiers
0x00007fff27298000 	/usr/lib/libapp_launch_measurement.dylib
0x00007fff2729b000 	/System/Library/PrivateFrameworks/CoreAutoLayout.framework/Versions/A/CoreAutoLayout
0x00007fff283fb000 	/System/Library/Frameworks/Metal.framework/Versions/A/Metal
0x00007fff290f1000 	/usr/lib/liblangid.dylib
0x00007fff28a98000 	/System/Library/PrivateFrameworks/CoreSVG.framework/Versions/A/CoreSVG
0x00007fff24d12000 	/System/Library/PrivateFrameworks/SkyLight.framework/Versions/A/SkyLight
0x00007fff25078000 	/System/Library/Frameworks/CoreGraphics.framework/Versions/A/CoreGraphics
0x00007fff301aa000 	/System/Library/Frameworks/Accelerate.framework/Versions/A/Accelerate
0x00007fff2b1b7000 	/System/Library/PrivateFrameworks/IconServices.framework/Versions/A/IconServices
0x00007fff283df000 	/System/Library/Frameworks/IOSurface.framework/Versions/A/IOSurface
0x00007fff26583000 	/usr/lib/libDiagnosticMessagesClient.dylib
0x00007fff28a80000 	/System/Library/PrivateFrameworks/DFRFoundation.framework/Versions/A/DFRFoundation
0x00007fff2265e000 	/usr/lib/libicucore.A.dylib
0x00007fff2ccc2000 	/System/Library/Frameworks/AudioToolbox.framework/Versions/A/AudioToolbox
0x00007fff2bf4a000 	/System/Library/PrivateFrameworks/DataDetectorsCore.framework/Versions/A/DataDetectorsCore
0x00007fff24c85000 	/usr/lib/libMobileGestalt.dylib
0x00007fff28784000 	/System/Library/Frameworks/Carbon.framework/Versions/A/Frameworks/HIToolbox.framework/Versions/A/HIToolbox
0x00007fff26cdd000 	/System/Library/Frameworks/QuartzCore.framework/Versions/A/QuartzCore
0x00007fff2fcbb000 	/System/Library/Frameworks/Carbon.framework/Versions/A/Frameworks/SpeechRecognition.framework/Versions/A/SpeechRecognition
0x00007fff26ffd000 	/System/Library/PrivateFrameworks/CoreUI.framework/Versions/A/CoreUI
0x00007fff21c74000 	/System/Library/Frameworks/CoreAudio.framework/Versions/A/CoreAudio
0x00007fff2666e000 	/System/Library/Frameworks/DiskArbitration.framework/Versions/A/DiskArbitration
0x00007fff2bb47000 	/System/Library/PrivateFrameworks/MultitouchSupport.framework/Versions/A/MultitouchSupport
0x00007fff2bf41000 	/System/Library/PrivateFrameworks/InternationalSupport.framework/Versions/A/InternationalSupport
0x00007fff24c84000 	/usr/lib/libenergytrace.dylib
0x00007fff22c2e000 	/System/Library/Frameworks/IOKit.framework/Versions/A/IOKit
0x00007fff2ffee000 	/System/Library/Frameworks/CoreServices.framework/Versions/A/CoreServices
0x00007fff2722a000 	/System/Library/PrivateFrameworks/PerformanceAnalysis.framework/Versions/A/PerformanceAnalysis
0x00007fff6bb59000 	/System/Library/Frameworks/OpenGL.framework/Versions/A/OpenGL
0x00007fff2bfc5000 	/System/Library/PrivateFrameworks/UserActivity.framework/Versions/A/UserActivity
0x00007fff25702000 	/System/Library/Frameworks/ColorSync.framework/Versions/A/ColorSync
0x00007fff28cff000 	/System/Library/Frameworks/CoreImage.framework/Versions/A/CoreImage
0x00007fff21a8e000 	/System/Library/Frameworks/CoreText.framework/Versions/A/CoreText
0x00007fff28ac2000 	/System/Library/Frameworks/ImageIO.framework/Versions/A/ImageIO
0x00007fff2a656000 	/System/Library/PrivateFrameworks/SoftLinking.framework/Versions/A/SoftLinking
0x00007fff272e3000 	/usr/lib/libxml2.2.dylib
0x00007fff203d5000 	/usr/lib/libc++.1.dylib
0x00007fff2a8c7000 	/usr/lib/libcompression.dylib
0x00007fff2be73000 	/System/Library/PrivateFrameworks/TextureIO.framework/Versions/A/TextureIO
0x00007fff2aef6000 	/usr/lib/libate.dylib
0x00007fff2a64a000 	/usr/lib/system/libcache.dylib
0x00007fff2a606000 	/usr/lib/system/libcommonCrypto.dylib
0x00007fff2a630000 	/usr/lib/system/libcompiler_rt.dylib
0x00007fff2a625000 	/usr/lib/system/libcopyfile.dylib
0x00007fff201ff000 	/usr/lib/system/libcorecrypto.dylib
0x00007fff202ca000 	/usr/lib/system/libdispatch.dylib
0x00007fff2047d000 	/usr/lib/system/libdyld.dylib
0x00007fff2a641000 	/usr/lib/system/libkeymgr.dylib
0x00007fff2da59000 	/usr/lib/system/liblaunch.dylib
0x00007fff2a5e4000 	/usr/lib/system/libmacho.dylib
0x00007fff29ddc000 	/usr/lib/system/libquarantine.dylib
0x00007fff2a63e000 	/usr/lib/system/libremovefile.dylib
0x00007fff24ce2000 	/usr/lib/system/libsystem_asl.dylib
0x00007fff201af000 	/usr/lib/system/libsystem_blocks.dylib
0x00007fff2034c000 	/usr/lib/system/libsystem_c.dylib
0x00007fff2a638000 	/usr/lib/system/libsystem_collections.dylib
0x00007fff290e2000 	/usr/lib/system/libsystem_configuration.dylib
0x00007fff283ce000 	/usr/lib/system/libsystem_containermanager.dylib
0x00007fff2a387000 	/usr/lib/system/libsystem_coreservices.dylib
0x00007fff228be000 	/usr/lib/system/libsystem_darwin.dylib
0x00007fff2a642000 	/usr/lib/system/libsystem_dnssd.dylib
0x00007fff20349000 	/usr/lib/system/libsystem_featureflags.dylib
0x00007fff204c3000 	/usr/lib/system/libsystem_info.dylib
0x00007fff2a59b000 	/usr/lib/system/libsystem_m.dylib
0x00007fff2029d000 	/usr/lib/system/libsystem_malloc.dylib
0x00007fff24c75000 	/usr/lib/system/libsystem_networkextension.dylib
0x00007fff22cdd000 	/usr/lib/system/libsystem_notify.dylib
0x00007fff2fef0000 	/usr/lib/system/libsystem_product_info_filter.dylib
0x00007fff290e6000 	/usr/lib/system/libsystem_sandbox.dylib
0x00007fff2a63b000 	/usr/lib/system/libsystem_secinit.dylib
0x00007fff20441000 	/usr/lib/system/libsystem_kernel.dylib
0x00007fff204b9000 	/usr/lib/system/libsystem_platform.dylib
0x00007fff20471000 	/usr/lib/system/libsystem_pthread.dylib
0x00007fff263bf000 	/usr/lib/system/libsystem_symptoms.dylib
0x00007fff201e7000 	/usr/lib/system/libsystem_trace.dylib
0x00007fff2a612000 	/usr/lib/system/libunwind.dylib
0x00007fff201b1000 	/usr/lib/system/libxpc.dylib
0x00007fff2042b000 	/usr/lib/libc++abi.dylib
0x00007fff2a61d000 	/usr/lib/liboah.dylib
0x00007fff2acdb000 	/usr/lib/liblzma.5.dylib
0x00007fff20fb2000 	/System/Library/Frameworks/SystemConfiguration.framework/Versions/A/SystemConfiguration
0x00007fff2a652000 	/usr/lib/libfakelink.dylib
0x00007fff247d6000 	/System/Library/Frameworks/CFNetwork.framework/Versions/A/CFNetwork
0x00007fff2a792000 	/usr/lib/libarchive.2.dylib
0x00007fff21030000 	/usr/lib/libCRFSuite.dylib
0x00007fff29e03000 	/usr/lib/libbsm.0.dylib
0x00007fff2414f000 	/usr/lib/libnetwork.dylib
0x00007fff2a657000 	/usr/lib/libpcap.A.dylib
0x00007fff263b8000 	/usr/lib/libdns_services.dylib
0x00007fff2acf4000 	/usr/lib/libcoretls_cfhelpers.dylib
0x00007fff2a891000 	/usr/lib/libapple_nghttp2.dylib
0x00007fff2a5ea000 	/usr/lib/system/libkxld.dylib
0x00007fff26031000 	/usr/lib/libsqlite3.dylib
0x00007fff2a36a000 	/System/Library/PrivateFrameworks/AppleFSCompression.framework/Versions/A/AppleFSCompression
0x00007fff29deb000 	/usr/lib/libcoretls.dylib
0x00007fff2a8c2000 	/usr/lib/libpam.2.dylib
0x00007fff2adf2000 	/usr/lib/libxar.1.dylib
0x00007fff290ed000 	/System/Library/PrivateFrameworks/AppleSystemInfo.framework/Versions/A/AppleSystemInfo
0x00007fff29a2d000 	/System/Library/PrivateFrameworks/IOMobileFramebuffer.framework/Versions/A/IOMobileFramebuffer
0x00007fff2a37a000 	/usr/lib/libbz2.1.0.dylib
0x00007fff2a68f000 	/usr/lib/libiconv.2.dylib
0x00007fff2a5e3000 	/usr/lib/libcharset.1.dylib
0x00007fff27266000 	/System/Library/Frameworks/CoreServices.framework/Versions/A/Frameworks/FSEvents.framework/Versions/A/FSEvents
0x00007fff228c8000 	/System/Library/Frameworks/CoreServices.framework/Versions/A/Frameworks/CarbonCore.framework/Versions/A/CarbonCore
0x00007fff265d3000 	/System/Library/Frameworks/CoreServices.framework/Versions/A/Frameworks/Metadata.framework/Versions/A/Metadata
0x00007fff2a38c000 	/System/Library/Frameworks/CoreServices.framework/Versions/A/Frameworks/OSServices.framework/Versions/A/OSServices
0x00007fff2a804000 	/System/Library/Frameworks/CoreServices.framework/Versions/A/Frameworks/SearchKit.framework/Versions/A/SearchKit
0x00007fff26343000 	/System/Library/Frameworks/CoreServices.framework/Versions/A/Frameworks/AE.framework/Versions/A/AE
0x00007fff2098d000 	/System/Library/Frameworks/CoreServices.framework/Versions/A/Frameworks/LaunchServices.framework/Versions/A/LaunchServices
0x00007fff2ac8b000 	/System/Library/Frameworks/CoreServices.framework/Versions/A/Frameworks/DictionaryServices.framework/Versions/A/DictionaryServices
0x00007fff27273000 	/System/Library/Frameworks/CoreServices.framework/Versions/A/Frameworks/SharedFileList.framework/Versions/A/SharedFileList
0x00007fff29ddf000 	/usr/lib/libCheckFix.dylib
0x00007fff24cf9000 	/System/Library/PrivateFrameworks/TCC.framework/Versions/A/TCC
0x00007fff290f3000 	/System/Library/PrivateFrameworks/CoreNLP.framework/Versions/A/CoreNLP
0x00007fff26586000 	/System/Library/PrivateFrameworks/MetadataUtilities.framework/Versions/A/MetadataUtilities
0x00007fff21065000 	/usr/lib/libmecabra.dylib
0x00007fff2a0e9000 	/System/Library/Frameworks/MLCompute.framework/Versions/A/MLCompute
0x00007fff29e14000 	/usr/lib/libmecab.dylib
0x00007fff29e5e000 	/usr/lib/libgermantok.dylib
0x00007fff2a86c000 	/usr/lib/libThaiTokenizer.dylib
0x00007fff2ae2d000 	/usr/lib/libChineseTokenizer.dylib
0x00007fff2a8c0000 	/System/Library/Frameworks/MetalPerformanceShaders.framework/Versions/A/MetalPerformanceShaders
0x00007fff26675000 	/System/Library/Frameworks/Accelerate.framework/Versions/A/Frameworks/vImage.framework/Versions/A/vImage
0x00007fff2ffc8000 	/System/Library/Frameworks/Accelerate.framework/Versions/A/Frameworks/vecLib.framework/Versions/A/vecLib
0x00007fff2ae38000 	/System/Library/Frameworks/Accelerate.framework/Versions/A/Frameworks/vecLib.framework/Versions/A/libvMisc.dylib
0x00007fff29848000 	/System/Library/Frameworks/Accelerate.framework/Versions/A/Frameworks/vecLib.framework/Versions/A/libvDSP.dylib
0x00007fff20c98000 	/System/Library/Frameworks/Accelerate.framework/Versions/A/Frameworks/vecLib.framework/Versions/A/libBLAS.dylib
0x00007fff2a8ed000 	/System/Library/Frameworks/Accelerate.framework/Versions/A/Frameworks/vecLib.framework/Versions/A/libLAPACK.dylib
0x00007fff29e64000 	/System/Library/Frameworks/Accelerate.framework/Versions/A/Frameworks/vecLib.framework/Versions/A/libLinearAlgebra.dylib
0x00007fff2a8a9000 	/System/Library/Frameworks/Accelerate.framework/Versions/A/Frameworks/vecLib.framework/Versions/A/libSparseBLAS.dylib
0x00007fff2a8e7000 	/System/Library/Frameworks/Accelerate.framework/Versions/A/Frameworks/vecLib.framework/Versions/A/libQuadrature.dylib
0x00007fff2919f000 	/System/Library/Frameworks/Accelerate.framework/Versions/A/Frameworks/vecLib.framework/Versions/A/libBNNS.dylib
0x00007fff20f43000 	/System/Library/Frameworks/Accelerate.framework/Versions/A/Frameworks/vecLib.framework/Versions/A/libSparse.dylib
0x00007fff2907b000 	/System/Library/Frameworks/MetalPerformanceShaders.framework/Versions/A/Frameworks/MPSCore.framework/Versions/A/MPSCore
0x00007fff2a2d9000 	/System/Library/Frameworks/MetalPerformanceShaders.framework/Versions/A/Frameworks/MPSImage.framework/Versions/A/MPSImage
0x00007fff29e7a000 	/System/Library/Frameworks/MetalPerformanceShaders.framework/Versions/A/Frameworks/MPSNeuralNetwork.framework/Versions/A/MPSNeuralNetwork
0x00007fff2a24b000 	/System/Library/Frameworks/MetalPerformanceShaders.framework/Versions/A/Frameworks/MPSMatrix.framework/Versions/A/MPSMatrix
0x00007fff2a099000 	/System/Library/Frameworks/MetalPerformanceShaders.framework/Versions/A/Frameworks/MPSRayIntersector.framework/Versions/A/MPSRayIntersector
0x00007fff2a282000 	/System/Library/Frameworks/MetalPerformanceShaders.framework/Versions/A/Frameworks/MPSNDArray.framework/Versions/A/MPSNDArray
0x00007fff20bc3000 	/System/Library/PrivateFrameworks/MetalTools.framework/Versions/A/MetalTools
0x00007fff290eb000 	/System/Library/PrivateFrameworks/AggregateDictionary.framework/Versions/A/AggregateDictionary
0x00007fff26553000 	/System/Library/PrivateFrameworks/CoreAnalytics.framework/Versions/A/CoreAnalytics
0x00007fff2a86e000 	/System/Library/PrivateFrameworks/AppleSauce.framework/Versions/A/AppleSauce
0x00007fff283f1000 	/System/Library/PrivateFrameworks/IOAccelerator.framework/Versions/A/IOAccelerator
0x00007fff6bb4d000 	/System/Library/Frameworks/OpenGL.framework/Versions/A/Libraries/libCoreFSCache.dylib
0x00007fff215fd000 	/System/Library/PrivateFrameworks/LanguageModeling.framework/Versions/A/LanguageModeling
0x00007fff29a1b000 	/System/Library/PrivateFrameworks/CoreEmoji.framework/Versions/A/CoreEmoji
0x00007fff29198000 	/System/Library/PrivateFrameworks/LinguisticData.framework/Versions/A/LinguisticData
0x00007fff20ef5000 	/System/Library/PrivateFrameworks/Lexicon.framework/Versions/A/Lexicon
0x00007fff2a780000 	/usr/lib/libcmph.dylib
0x00007fff27246000 	/System/Library/Frameworks/OpenDirectory.framework/Versions/A/Frameworks/CFOpenDirectory.framework/Versions/A/CFOpenDirectory
0x00007fff27236000 	/System/Library/Frameworks/OpenDirectory.framework/Versions/A/OpenDirectory
0x00007fff2acf6000 	/System/Library/PrivateFrameworks/APFS.framework/Versions/A/APFS
0x00007fff29d41000 	/System/Library/Frameworks/SecurityFoundation.framework/Versions/A/SecurityFoundation
0x00007fff2ae00000 	/usr/lib/libutil.dylib
0x00007fff22bf3000 	/System/Library/PrivateFrameworks/CoreServicesStore.framework/Versions/A/CoreServicesStore
0x00007fff29dd7000 	/System/Library/Frameworks/ServiceManagement.framework/Versions/A/ServiceManagement
0x00007fff2ae04000 	/usr/lib/libxslt.1.dylib
0x00007fff29dcd000 	/System/Library/PrivateFrameworks/BackgroundTaskManagement.framework/Versions/A/BackgroundTaskManagement
0x00007fff2bdbd000 	/System/Library/Frameworks/ImageIO.framework/Versions/A/Resources/libRadiance.dylib
0x00007fff2bdc7000 	/System/Library/Frameworks/ImageIO.framework/Versions/A/Resources/libJPEG.dylib
0x00007fff2bd11000 	/System/Library/Frameworks/ImageIO.framework/Versions/A/Resources/libPng.dylib
0x00007fff2bd38000 	/System/Library/Frameworks/ImageIO.framework/Versions/A/Resources/libTIFF.dylib
0x00007fff2be1c000 	/System/Library/Frameworks/ImageIO.framework/Versions/A/Resources/libGIF.dylib
0x00007fff2ba63000 	/System/Library/Frameworks/ImageIO.framework/Versions/A/Resources/libJP2.dylib
0x00007fff2b17f000 	/usr/lib/libexpat.1.dylib
0x00007fff2ba19000 	/System/Library/PrivateFrameworks/AppleJPEG.framework/Versions/A/AppleJPEG
0x00007fff28627000 	/System/Library/PrivateFrameworks/FontServices.framework/libFontParser.dylib
0x00007fff262fa000 	/System/Library/PrivateFrameworks/RunningBoardServices.framework/Versions/A/RunningBoardServices
0x00007fff2bb43000 	/System/Library/PrivateFrameworks/WatchdogClient.framework/Versions/A/WatchdogClient
0x00007fff216e6000 	/System/Library/Frameworks/CoreDisplay.framework/Versions/A/CoreDisplay
0x00007fff2853c000 	/System/Library/Frameworks/CoreMedia.framework/Versions/A/CoreMedia
0x00007fff273c6000 	/System/Library/Frameworks/CoreVideo.framework/Versions/A/CoreVideo
0x00007fff2bb7e000 	/System/Library/Frameworks/VideoToolbox.framework/Versions/A/VideoToolbox
0x00007fff2627a000 	/System/Library/PrivateFrameworks/BaseBoard.framework/Versions/A/BaseBoard
0x00007fff2b2c3000 	/System/Library/PrivateFrameworks/PersistentConnection.framework/Versions/A/PersistentConnection
0x00007fff2601b000 	/System/Library/PrivateFrameworks/ProtocolBuffer.framework/Versions/A/ProtocolBuffer
0x00007fff26262000 	/System/Library/PrivateFrameworks/CommonUtilities.framework/Versions/A/CommonUtilities
0x00007fff2b9dc000 	/System/Library/PrivateFrameworks/Bom.framework/Versions/A/Bom
0x00007fff2bdb5000 	/System/Library/PrivateFrameworks/GPUWrangler.framework/Versions/A/GPUWrangler
0x00007fff2bd98000 	/System/Library/PrivateFrameworks/IOPresentment.framework/Versions/A/IOPresentment
0x00007fff2bdc1000 	/System/Library/PrivateFrameworks/DSExternalDisplay.framework/Versions/A/DSExternalDisplay
0x00007fff2be21000 	/System/Library/PrivateFrameworks/CMCaptureCore.framework/Versions/A/CMCaptureCore
0x00007fff2b75f000 	/System/Library/PrivateFrameworks/AppServerSupport.framework/Versions/A/AppServerSupport
0x00007fff2d7fc000 	/System/Library/PrivateFrameworks/perfdata.framework/Versions/A/perfdata
0x00007fff29d30000 	/System/Library/PrivateFrameworks/AssertionServices.framework/Versions/A/AssertionServices
0x00007fff2181d000 	/System/Library/PrivateFrameworks/AudioToolboxCore.framework/Versions/A/AudioToolboxCore
0x00007fff2851f000 	/System/Library/PrivateFrameworks/caulk.framework/Versions/A/caulk
0x00007fff3cca8000 	/System/Library/PrivateFrameworks/SystemPolicy.framework/Versions/A/SystemPolicy
0x00007fff2af8e000 	/usr/lib/libIOReport.dylib
0x00007fff2d038000 	/usr/lib/libSMC.dylib
0x00007fff2bcdd000 	/usr/lib/libAudioToolboxUtility.dylib
0x00007fff3d605000 	/usr/lib/libmis.dylib
0x00007fff6bba9000 	/System/Library/Frameworks/OpenGL.framework/Versions/A/Libraries/libGLU.dylib
0x00007fff6bb6c000 	/System/Library/Frameworks/OpenGL.framework/Versions/A/Libraries/libGFXShared.dylib
0x00007fff6bd7a000 	/System/Library/Frameworks/OpenGL.framework/Versions/A/Libraries/libGL.dylib
0x00007fff6bb75000 	/System/Library/Frameworks/OpenGL.framework/Versions/A/Libraries/libGLImage.dylib
0x00007fff6bb69000 	/System/Library/Frameworks/OpenGL.framework/Versions/A/Libraries/libCVMSPluginSupport.dylib
0x00007fff6bb54000 	/System/Library/Frameworks/OpenGL.framework/Versions/A/Libraries/libCoreVMClient.dylib
0x00007fff6d1c4000 	/System/Library/Frameworks/OpenCL.framework/Versions/A/OpenCL
0x00007fff2b2ec000 	/System/Library/PrivateFrameworks/GraphVisualizer.framework/Versions/A/GraphVisualizer
0x00007fff2b2fb000 	/System/Library/PrivateFrameworks/FaceCore.framework/Versions/A/FaceCore
0x00007fff2b717000 	/System/Library/PrivateFrameworks/OTSVG.framework/Versions/A/OTSVG
0x00007fff26fbb000 	/System/Library/Frameworks/ApplicationServices.framework/Versions/A/Frameworks/ATS.framework/Versions/A/Resources/libFontRegistry.dylib
0x00007fff2b766000 	/System/Library/PrivateFrameworks/FontServices.framework/libhvf.dylib
0x00007fff2b12b000 	/System/Library/PrivateFrameworks/AppleVA.framework/Versions/A/AppleVA
0x00007fff2ce80000 	/System/Library/Frameworks/ApplicationServices.framework/Versions/A/Frameworks/ATS.framework/Versions/A/ATS
0x00007fff2d193000 	/System/Library/Frameworks/ApplicationServices.framework/Versions/A/Frameworks/ColorSyncLegacy.framework/Versions/A/ColorSyncLegacy
0x00007fff257f9000 	/System/Library/Frameworks/ApplicationServices.framework/Versions/A/Frameworks/HIServices.framework/Versions/A/HIServices
0x00007fff2d178000 	/System/Library/Frameworks/ApplicationServices.framework/Versions/A/Frameworks/LangAnalysis.framework/Versions/A/LangAnalysis
0x00007fff2be2b000 	/System/Library/Frameworks/ApplicationServices.framework/Versions/A/Frameworks/PrintCore.framework/Versions/A/PrintCore
0x00007fff2d19b000 	/System/Library/Frameworks/ApplicationServices.framework/Versions/A/Frameworks/QD.framework/Versions/A/QD
0x00007fff2ce70000 	/System/Library/Frameworks/ApplicationServices.framework/Versions/A/Frameworks/SpeechSynthesis.framework/Versions/A/SpeechSynthesis
0x00007fff2bdec000 	/System/Library/Frameworks/ApplicationServices.framework/Versions/A/Frameworks/ATSUI.framework/Versions/A/ATSUI
0x00007fff2d118000 	/usr/lib/libcups.2.dylib
0x00007fff2d188000 	/System/Library/PrivateFrameworks/NetAuth.framework/Versions/A/NetAuth
0x00007fff2d817000 	/System/Library/Frameworks/Kerberos.framework/Versions/A/Kerberos
0x00007fff2d827000 	/System/Library/Frameworks/GSS.framework/Versions/A/GSS
0x00007fff2ceed000 	/usr/lib/libresolv.9.dylib
0x00007fff2b77c000 	/System/Library/PrivateFrameworks/Heimdal.framework/Versions/A/Heimdal
0x00007fff334de000 	/System/Library/Frameworks/Kerberos.framework/Versions/A/Libraries/libHeimdalProxy.dylib
0x00007fff263c7000 	/System/Library/Frameworks/Network.framework/Versions/A/Network
0x00007fff2b198000 	/usr/lib/libheimdal-asn1.dylib
0x00007fff2d878000 	/System/Library/PrivateFrameworks/CommonAuth.framework/Versions/A/CommonAuth
0x00007fff27414000 	/System/Library/PrivateFrameworks/login.framework/Versions/A/Frameworks/loginsupport.framework/Versions/A/loginsupport
0x00007fff2cdf7000 	/System/Library/PrivateFrameworks/AudioSession.framework/Versions/A/AudioSession
0x00007fff2ce5d000 	/usr/lib/libAudioStatistics.dylib
0x00007fff2b224000 	/System/Library/PrivateFrameworks/MediaExperience.framework/Versions/A/MediaExperience
0x00007fff2cc90000 	/System/Library/PrivateFrameworks/AudioSession.framework/libSessionUtility.dylib
0x00007fff2d808000 	/usr/lib/libperfcheck.dylib
0x00007fff2d1a7000 	/System/Library/PrivateFrameworks/AudioResourceArbitration.framework/Versions/A/AudioResourceArbitration
0x00007fff2b1a2000 	/System/Library/PrivateFrameworks/IconFoundation.framework/Versions/A/IconFoundation
0x00007fff2fcab000 	/System/Library/PrivateFrameworks/SpeechRecognitionCore.framework/Versions/A/SpeechRecognitionCore
0x000000010b000000 	/Library/Java/JavaVirtualMachines/jdk1.8.0_271.jdk/Contents/Home/jre/lib/server/libjvm.dylib
0x000000010247c000 	/Library/Java/JavaVirtualMachines/jdk1.8.0_271.jdk/Contents/Home/jre/lib/libverify.dylib
0x000000010248d000 	/Library/Java/JavaVirtualMachines/jdk1.8.0_271.jdk/Contents/Home/jre/lib/libjava.dylib
0x00000001024c1000 	/Library/Java/JavaVirtualMachines/jdk1.8.0_271.jdk/Contents/Home/jre/lib/libinstrument.dylib
0x0000000102530000 	/Library/Java/JavaVirtualMachines/jdk1.8.0_271.jdk/Contents/Home/jre/lib/libzip.dylib
0x0000000102df8000 	/Library/Java/JavaVirtualMachines/jdk1.8.0_271.jdk/Contents/Home/jre/lib/libnet.dylib
0x0000000102e12000 	/Library/Java/JavaVirtualMachines/jdk1.8.0_271.jdk/Contents/Home/jre/lib/libawt.dylib
0x0000000102eb2000 	/Library/Java/JavaVirtualMachines/jdk1.8.0_271.jdk/Contents/Home/jre/lib/libmlib_image.dylib
0x00007fff6eaf9000 	/System/Library/Frameworks/JavaNativeFoundation.framework/Versions/A/JavaNativeFoundation
0x00007fff6eb05000 	/System/Library/Frameworks/JavaRuntimeSupport.framework/Versions/A/JavaRuntimeSupport
0x00007fff3c9f2000 	/System/Library/Frameworks/Carbon.framework/Versions/A/Carbon
0x00007fff31b1c000 	/System/Library/PrivateFrameworks/CoreSymbolication.framework/Versions/A/CoreSymbolication
0x00007fff36489000 	/System/Library/Frameworks/Carbon.framework/Versions/A/Frameworks/CommonPanels.framework/Versions/A/CommonPanels
0x00007fff32f73000 	/System/Library/Frameworks/Carbon.framework/Versions/A/Frameworks/Help.framework/Versions/A/Help
0x00007fff3648d000 	/System/Library/Frameworks/Carbon.framework/Versions/A/Frameworks/ImageCapture.framework/Versions/A/ImageCapture
0x00007fff3645d000 	/System/Library/Frameworks/Carbon.framework/Versions/A/Frameworks/OpenScripting.framework/Versions/A/OpenScripting
0x00007fff36485000 	/System/Library/Frameworks/Carbon.framework/Versions/A/Frameworks/Ink.framework/Versions/A/Ink
0x00007fff3c9ee000 	/System/Library/Frameworks/Carbon.framework/Versions/A/Frameworks/Print.framework/Versions/A/Print
0x00007fff36481000 	/System/Library/Frameworks/Carbon.framework/Versions/A/Frameworks/SecurityHI.framework/Versions/A/SecurityHI
0x00007fff31ae0000 	/System/Library/PrivateFrameworks/DebugSymbols.framework/Versions/A/DebugSymbols
0x0000000126a55000 	/Library/Java/JavaVirtualMachines/jdk1.8.0_271.jdk/Contents/Home/jre/lib/libawt_lwawt.dylib
0x0000000102f71000 	/Library/Java/JavaVirtualMachines/jdk1.8.0_271.jdk/Contents/Home/jre/lib/libosxapp.dylib
0x00007fff3c009000 	/System/Library/Frameworks/ExceptionHandling.framework/Versions/A/ExceptionHandling
0x00007fff22bb4000 	/System/Library/PrivateFrameworks/CoreServicesInternal.framework/Versions/A/CoreServicesInternal
0x00007fff31032000 	/System/Library/Frameworks/FileProvider.framework/Versions/A/FileProvider
0x00007fff261e5000 	/System/Library/Frameworks/Accounts.framework/Versions/A/Accounts
0x00007fff31182000 	/System/Library/PrivateFrameworks/GenerationalStorage.framework/Versions/A/GenerationalStorage
0x00007fff30a52000 	/System/Library/PrivateFrameworks/SymptomDiagnosticReporter.framework/Versions/A/SymptomDiagnosticReporter
0x00007fff23ce5000 	/System/Library/PrivateFrameworks/DesktopServicesPriv.framework/Versions/A/DesktopServicesPriv
0x00007fff22ce9000 	/usr/lib/libsandbox.1.dylib
0x00007fff2743f000 	/System/Library/PrivateFrameworks/UserManagement.framework/Versions/A/UserManagement
0x00007fff29d0d000 	/System/Library/PrivateFrameworks/MobileKeyBag.framework/Versions/A/MobileKeyBag
0x00007fff34561000 	/System/Library/PrivateFrameworks/ChunkingLibrary.framework/Versions/A/ChunkingLibrary
0x00007fff2e23b000 	/System/Library/PrivateFrameworks/Sharing.framework/Versions/A/Sharing
0x00007fff32ae0000 	/System/Library/PrivateFrameworks/Apple80211.framework/Versions/A/Apple80211
0x00007fff2a3ba000 	/System/Library/PrivateFrameworks/AuthKit.framework/Versions/A/AuthKit
0x00007fff29b0b000 	/System/Library/PrivateFrameworks/CoreUtils.framework/Versions/A/CoreUtils
0x00007fff29a38000 	/System/Library/Frameworks/CoreWLAN.framework/Versions/A/CoreWLAN
0x00007fff2e387000 	/System/Library/Frameworks/IOBluetooth.framework/Versions/A/IOBluetooth
0x00007fff32b44000 	/System/Library/PrivateFrameworks/CoreWiFi.framework/Versions/A/CoreWiFi
0x00007fff2d8fe000 	/System/Library/PrivateFrameworks/CorePhoneNumbers.framework/Versions/A/CorePhoneNumbers
0x00007fff30b59000 	/System/Library/PrivateFrameworks/DiskManagement.framework/Versions/A/DiskManagement
0x00007fff30a6f000 	/System/Library/PrivateFrameworks/AppleIDAuthSupport.framework/Versions/A/AppleIDAuthSupport
0x00007fff2d8de000 	/System/Library/PrivateFrameworks/KeychainCircle.framework/Versions/A/KeychainCircle
0x00007fff30b25000 	/System/Library/PrivateFrameworks/MediaKit.framework/Versions/A/MediaKit
0x00007fff30a7c000 	/System/Library/Frameworks/DiscRecording.framework/Versions/A/DiscRecording
0x00007fff2b09f000 	/usr/lib/libCoreStorage.dylib
0x00007fff32f7f000 	/usr/lib/libcsfde.dylib
0x00007fff2e4c2000 	/System/Library/PrivateFrameworks/ProtectedCloudStorage.framework/Versions/A/ProtectedCloudStorage
0x00007fff32f77000 	/System/Library/PrivateFrameworks/EFILogin.framework/Versions/A/EFILogin
0x00007fff33591000 	/System/Library/Frameworks/AudioUnit.framework/Versions/A/AudioUnit
0x00007fff309ec000 	/System/Library/Frameworks/CoreBluetooth.framework/Versions/A/CoreBluetooth
0x00007fff2b097000 	/usr/lib/libMatch.1.dylib
0x00007fff43879000 	/System/Library/CoreServices/RawCamera.bundle/Contents/MacOS/RawCamera
0x00007fff2d889000 	/System/Library/PrivateFrameworks/MobileAsset.framework/Versions/A/MobileAsset
0x00007fff335b5000 	/System/Library/PrivateFrameworks/StreamingZip.framework/Versions/A/StreamingZip
0x00007fff2c023000 	/System/Library/Frameworks/MediaToolbox.framework/Versions/A/MediaToolbox
0x00007fff31004000 	/System/Library/PrivateFrameworks/CoreAVCHD.framework/Versions/A/CoreAVCHD
0x00007fff301eb000 	/System/Library/Frameworks/MediaAccessibility.framework/Versions/A/MediaAccessibility
0x00007fff31000000 	/System/Library/PrivateFrameworks/Mangrove.framework/Versions/A/Mangrove
0x00007fff301f7000 	/System/Library/PrivateFrameworks/AlgosScoreFramework.framework/Versions/A/AlgosScoreFramework
0x00007fff319ee000 	/System/Library/PrivateFrameworks/AppleVPA.framework/Versions/A/AppleVPA
0x00007fff30c45000 	/System/Library/PrivateFrameworks/CoreAUC.framework/Versions/A/CoreAUC
0x00007fff412cc000 	/System/Library/Frameworks/Accelerate.framework/Versions/A/Frameworks/vImage.framework/Versions/A/Libraries/libCGInterfaces.dylib
0x0000000129530000 	/usr/lib/libobjc-trampolines.dylib
0x00007fff2713e000 	/System/Library/PrivateFrameworks/ViewBridge.framework/Versions/A/ViewBridge
0x00007fff2b83d000 	/System/Library/PrivateFrameworks/login.framework/Versions/A/login
0x000000012bc33000 	/Library/Java/JavaVirtualMachines/jdk1.8.0_271.jdk/Contents/Home/jre/lib/libfontmanager.dylib
0x000000012bc94000 	/Users/yuyangwang/Desktop/Programs_In_BDIC/Stage 3 Semester 1/Computer Graphic/project1/liblwjgl.dylib
0x000000012a36e000 	/Library/Java/JavaVirtualMachines/jdk1.8.0_271.jdk/Contents/Home/jre/lib/libjawt.dylib
0x00007fff779f8000 	/usr/lib/libRosetta.dylib
0x00007fff6bd85000 	/System/Library/Frameworks/OpenGL.framework/Versions/A/Resources/GLEngine.bundle/GLEngine
0x00007fff6bbe6000 	/System/Library/Frameworks/OpenGL.framework/Versions/A/Libraries/libGLProgrammability.dylib
0x00007fff5ef69000 	/System/Library/Extensions/AppleIntelKBLGraphicsGLDriver.bundle/Contents/MacOS/AppleIntelKBLGraphicsGLDriver
0x00007fff463bf000 	/System/Library/PrivateFrameworks/GPUSupport.framework/Versions/A/Libraries/libGPUSupportMercury.dylib
0x000000012be3d000 	/System/Library/Extensions/AMDRadeonX4000GLDriver.bundle/Contents/MacOS/AMDRadeonX4000GLDriver
0x00007fff6e0c6000 	/System/Library/Extensions/AMDRadeonX4000GLDriver.bundle/Contents/MacOS/ATIRadeonX4000SCLib.dylib
0x00007fff5e1d1000 	/System/Library/Extensions/AMDShared.bundle/Contents/PlugIns/libSC.dylib
0x00007fff6bf03000 	/System/Library/Frameworks/OpenGL.framework/Versions/A/Resources/GLRendererFloat.bundle/GLRendererFloat

VM Arguments:
jvm_args: -Dvisualvm.id=145077067130744 -javaagent:/Applications/IntelliJ IDEA.app/Contents/lib/idea_rt.jar=56971:/Applications/IntelliJ IDEA.app/Contents/bin -Dfile.encoding=UTF-8 
java_command: main.Main
java_class_path (initial): /Library/Java/JavaVirtualMachines/jdk1.8.0_271.jdk/Contents/Home/jre/lib/charsets.jar:/Library/Java/JavaVirtualMachines/jdk1.8.0_271.jdk/Contents/Home/jre/lib/deploy.jar:/Library/Java/JavaVirtualMachines/jdk1.8.0_271.jdk/Contents/Home/jre/lib/ext/cldrdata.jar:/Library/Java/JavaVirtualMachines/jdk1.8.0_271.jdk/Contents/Home/jre/lib/ext/dnsns.jar:/Library/Java/JavaVirtualMachines/jdk1.8.0_271.jdk/Contents/Home/jre/lib/ext/jaccess.jar:/Library/Java/JavaVirtualMachines/jdk1.8.0_271.jdk/Contents/Home/jre/lib/ext/jfxrt.jar:/Library/Java/JavaVirtualMachines/jdk1.8.0_271.jdk/Contents/Home/jre/lib/ext/localedata.jar:/Library/Java/JavaVirtualMachines/jdk1.8.0_271.jdk/Contents/Home/jre/lib/ext/nashorn.jar:/Library/Java/JavaVirtualMachines/jdk1.8.0_271.jdk/Contents/Home/jre/lib/ext/sunec.jar:/Library/Java/JavaVirtualMachines/jdk1.8.0_271.jdk/Contents/Home/jre/lib/ext/sunjce_provider.jar:/Library/Java/JavaVirtualMachines/jdk1.8.0_271.jdk/Contents/Home/jre/lib/ext/sunpkcs11.jar:/Library/Java/JavaVirtualMachines/jdk1.8.0_271.jdk/Contents/Home/jre/lib/ext/zipfs.jar:/Library/Java/JavaVirtualMachines/jdk1.8.0_271.jdk/Contents/Home/jre/lib/javaws.jar:/Library/Java/JavaVirtualMachines/jdk1.8.0_271.jdk/Contents/Home/jre/lib/jce.jar:/Library/Java/JavaVirtualMachines/jdk1.8.0_271.jdk/Contents/Home/jre/lib/jfr.jar:/Library/Java/JavaVirtualMachines/jdk1.8.0_271.jdk/Contents/Home/jre/lib/jfxswt.jar:/Library/Java/JavaVirtualMachines/jdk1.8.0_271.jdk/Contents/Home/jre/lib/jsse.jar:/Library/Java/JavaVirtualMachines/jdk1.8.0_271.jdk/Contents/Home/jre/lib/management-agent.jar:/Library/Java/JavaVirtualMachines/jdk1.8.0_271.jdk/Contents/Home/jre/lib/plugin.jar:/Library/Java/JavaVirtualMachines/jdk1.8.0_271.jdk/Contents/Home/jre/lib/resources.jar:/Library/Java/JavaVirtualMachines/jdk1.8.0_271.jdk/Contents/Home/jre/lib/rt.jar:/Library/Java/JavaVirtualMachines/jdk1.8.0_271.jdk/Contents/Home/lib/ant-javafx.jar:/Library/Java/JavaVirtualMachines/jdk1.8.0_271.jdk/Contents/Home
Launcher Type: SUN_STANDARD

Environment Variables:
JAVA_HOME=/Library/Java/JavaVirtualMachines/jdk1.8.0_271.jdk/Contents/Home
PATH=/opt/MonkeyDev/bin:/Users/yuyangwang/opt/anaconda3/bin:/Users/yuyangwang/opt/anaconda3/condabin:/Users/yuyangwang/.autojump/bin:/Users/yuyangwang/bin:/usr/local/bin:/usr/local/sbin:/usr/bin:/bin:/usr/sbin:/sbin:/Applications/VMware Fusion.app/Contents/Public:/Library/TeX/texbin:/usr/local/share/dotnet:/opt/X11/bin:~/.dotnet/tools:/Library/Apple/usr/bin:/Library/Frameworks/Mono.framework/Versions/Current/Commands:/Applications/Wireshark.app/Contents/MacOS:/Users/yuyangwang/flutter/bin
SHELL=/bin/zsh

Signal Handlers:
SIGSEGV: [libjvm.dylib+0x5a0dcb], sa_mask[0]=11111111011111110111111111111111, sa_flags=SA_ONSTACK|SA_RESTART|SA_SIGINFO
SIGBUS: [libjvm.dylib+0x5a0dcb], sa_mask[0]=11111111011111110111111111111111, sa_flags=SA_RESTART|SA_SIGINFO
SIGFPE: [libjvm.dylib+0x491731], sa_mask[0]=11111111011111110111111111111111, sa_flags=SA_RESTART|SA_SIGINFO
SIGPIPE: [libjvm.dylib+0x491731], sa_mask[0]=11111111011111110111111111111111, sa_flags=SA_RESTART|SA_SIGINFO
SIGXFSZ: [libjvm.dylib+0x491731], sa_mask[0]=11111111011111110111111111111111, sa_flags=SA_RESTART|SA_SIGINFO
SIGILL: [libjvm.dylib+0x491731], sa_mask[0]=11111111011111110111111111111111, sa_flags=SA_RESTART|SA_SIGINFO
SIGUSR1: SIG_DFL, sa_mask[0]=00000000000000000000000000000000, sa_flags=none
SIGUSR2: [libjvm.dylib+0x49202a], sa_mask[0]=00100000000000000000000000000000, sa_flags=SA_RESTART|SA_SIGINFO
SIGHUP: [libjvm.dylib+0x490239], sa_mask[0]=11111111011111110111111111111111, sa_flags=SA_RESTART|SA_SIGINFO
SIGINT: [libjvm.dylib+0x490239], sa_mask[0]=11111111011111110111111111111111, sa_flags=SA_RESTART|SA_SIGINFO
SIGTERM: [libjvm.dylib+0x490239], sa_mask[0]=11111111011111110111111111111111, sa_flags=SA_RESTART|SA_SIGINFO
SIGQUIT: [libjvm.dylib+0x490239], sa_mask[0]=11111111011111110111111111111111, sa_flags=SA_RESTART|SA_SIGINFO


---------------  S Y S T E M  ---------------

OS:Bsduname:Darwin 20.6.0 Darwin Kernel Version 20.6.0: Wed Jun 23 00:26:31 PDT 2021; root:xnu-7195.141.2~5/RELEASE_X86_64 x86_64
rlimit: STACK 8192k, CORE 0k, NPROC 2784, NOFILE 10240, AS infinity
load average:4.10 2.56 2.16

CPU:total 16 (initial active 16) (8 cores per cpu, 2 threads per core) family 6 model 158 stepping 13, cmov, cx8, fxsr, mmx, sse, sse2, sse3, ssse3, sse4.1, sse4.2, popcnt, avx, avx2, aes, clmul, erms, 3dnowpref, lzcnt, ht, tsc, tscinvbit, bmi1, bmi2, adx

Memory: 4k page, physical 16777216k(38528k free)

/proc/meminfo:


vm_info: Java HotSpot(TM) 64-Bit Server VM (25.271-b09) for bsd-amd64 JRE (1.8.0_271-b09), built on Sep 16 2020 16:54:38 by "java_re" with gcc 4.2.1 Compatible Apple LLVM 10.0.0 (clang-1000.11.45.5)

time: Mon Dec  6 23:27:09 2021
timezone: CST
elapsed time: 3.805980 seconds (0d 0h 0m 3s)

